{"/Users/meowiu/wellness-tracker/app/components/Button.tsx": {"path":"/Users/meowiu/wellness-tracker/app/components/Button.tsx","statementMap":{"0":{"start":{"line":11,"column":22},"end":{"line":47,"column":null}},"1":{"start":{"line":13,"column":27},"end":{"line":13,"column":null}},"2":{"start":{"line":16,"column":30},"end":{"line":16,"column":null}},"3":{"start":{"line":18,"column":25},"end":{"line":23,"column":null}},"4":{"start":{"line":25,"column":22},"end":{"line":29,"column":null}},"5":{"start":{"line":31,"column":34},"end":{"line":31,"column":null}},"6":{"start":{"line":33,"column":8},"end":{"line":39,"column":null}},"7":{"start":{"line":34,"column":12},"end":{"line":37,"column":null}},"8":{"start":{"line":41,"column":8},"end":{"line":44,"column":null}},"9":{"start":{"line":49,"column":0},"end":{"line":49,"column":null}}},"fnMap":{"0":{"name":"(anonymous_0)","decl":{"start":{"line":12,"column":4},"end":{"line":12,"column":5}},"loc":{"start":{"line":12,"column":91},"end":{"line":46,"column":null}},"line":12}},"branchMap":{"0":{"loc":{"start":{"line":12,"column":7},"end":{"line":12,"column":23}},"type":"default-arg","locations":[{"start":{"line":12,"column":19},"end":{"line":12,"column":23}}],"line":12},"1":{"loc":{"start":{"line":12,"column":23},"end":{"line":12,"column":44}},"type":"default-arg","locations":[{"start":{"line":12,"column":33},"end":{"line":12,"column":44}}],"line":12},"2":{"loc":{"start":{"line":12,"column":44},"end":{"line":12,"column":57}},"type":"default-arg","locations":[{"start":{"line":12,"column":51},"end":{"line":12,"column":57}}],"line":12},"3":{"loc":{"start":{"line":33,"column":8},"end":{"line":39,"column":null}},"type":"if","locations":[{"start":{"line":33,"column":8},"end":{"line":39,"column":null}},{"start":{},"end":{}}],"line":33}},"s":{"0":7,"1":25,"2":25,"3":25,"4":25,"5":25,"6":25,"7":9,"8":16,"9":7},"f":{"0":25},"b":{"0":[25],"1":[25],"2":[25],"3":[9,16]},"meta":{"lastBranch":4,"lastFunction":1,"lastStatement":10,"seen":{"s:11:22:47:Infinity":0,"f:12:4:12:5":0,"b:12:19:12:23":0,"b:12:33:12:44":1,"b:12:51:12:57":2,"s:13:27:13:Infinity":1,"s:16:30:16:Infinity":2,"s:18:25:23:Infinity":3,"s:25:22:29:Infinity":4,"s:31:34:31:Infinity":5,"b:33:8:39:Infinity:undefined:undefined:undefined:undefined":3,"s:33:8:39:Infinity":6,"s:34:12:37:Infinity":7,"s:41:8:44:Infinity":8,"s:49:0:49:Infinity":9}}}
,"/Users/meowiu/wellness-tracker/app/components/Card.tsx": {"path":"/Users/meowiu/wellness-tracker/app/components/Card.tsx","statementMap":{"0":{"start":{"line":8,"column":23},"end":{"line":8,"column":null}},"1":{"start":{"line":10,"column":21},"end":{"line":13,"column":null}},"2":{"start":{"line":15,"column":4},"end":{"line":18,"column":null}}},"fnMap":{"0":{"name":"Card","decl":{"start":{"line":7,"column":16},"end":{"line":7,"column":21}},"loc":{"start":{"line":7,"column":93},"end":{"line":20,"column":null}},"line":7}},"branchMap":{"0":{"loc":{"start":{"line":7,"column":23},"end":{"line":7,"column":39}},"type":"default-arg","locations":[{"start":{"line":7,"column":35},"end":{"line":7,"column":39}}],"line":7},"1":{"loc":{"start":{"line":7,"column":39},"end":{"line":7,"column":60}},"type":"default-arg","locations":[{"start":{"line":7,"column":49},"end":{"line":7,"column":60}}],"line":7}},"s":{"0":18,"1":18,"2":18},"f":{"0":18},"b":{"0":[18],"1":[18]},"meta":{"lastBranch":2,"lastFunction":1,"lastStatement":3,"seen":{"f:7:16:7:21":0,"b:7:35:7:39":0,"b:7:49:7:60":1,"s:8:23:8:Infinity":0,"s:10:21:13:Infinity":1,"s:15:4:18:Infinity":2}}}
,"/Users/meowiu/wellness-tracker/app/components/QuestionEditor.tsx": {"path":"/Users/meowiu/wellness-tracker/app/components/QuestionEditor.tsx","statementMap":{"0":{"start":{"line":12,"column":27},"end":{"line":14,"column":null}},"1":{"start":{"line":13,"column":8},"end":{"line":13,"column":null}},"2":{"start":{"line":16,"column":22},"end":{"line":19,"column":null}},"3":{"start":{"line":17,"column":27},"end":{"line":17,"column":null}},"4":{"start":{"line":18,"column":8},"end":{"line":18,"column":null}},"5":{"start":{"line":21,"column":25},"end":{"line":25,"column":null}},"6":{"start":{"line":22,"column":27},"end":{"line":22,"column":null}},"7":{"start":{"line":23,"column":8},"end":{"line":23,"column":null}},"8":{"start":{"line":24,"column":8},"end":{"line":24,"column":null}},"9":{"start":{"line":27,"column":25},"end":{"line":30,"column":null}},"10":{"start":{"line":28,"column":27},"end":{"line":28,"column":null}},"11":{"start":{"line":28,"column":62},"end":{"line":28,"column":79}},"12":{"start":{"line":29,"column":8},"end":{"line":29,"column":null}},"13":{"start":{"line":32,"column":31},"end":{"line":35,"column":null}},"14":{"start":{"line":33,"column":32},"end":{"line":33,"column":null}},"15":{"start":{"line":34,"column":8},"end":{"line":34,"column":null}},"16":{"start":{"line":37,"column":4},"end":{"line":185,"column":null}},"17":{"start":{"line":46,"column":39},"end":{"line":46,"column":null}},"18":{"start":{"line":53,"column":39},"end":{"line":53,"column":null}},"19":{"start":{"line":69,"column":37},"end":{"line":69,"column":null}},"20":{"start":{"line":84,"column":40},"end":{"line":84,"column":null}},"21":{"start":{"line":85,"column":24},"end":{"line":92,"column":null}},"22":{"start":{"line":110,"column":28},"end":{"line":136,"column":null}},"23":{"start":{"line":114,"column":53},"end":{"line":114,"column":null}},"24":{"start":{"line":122,"column":53},"end":{"line":122,"column":null}},"25":{"start":{"line":130,"column":55},"end":{"line":130,"column":null}},"26":{"start":{"line":159,"column":45},"end":{"line":159,"column":null}},"27":{"start":{"line":170,"column":45},"end":{"line":170,"column":null}}},"fnMap":{"0":{"name":"QuestionEditor","decl":{"start":{"line":11,"column":16},"end":{"line":11,"column":31}},"loc":{"start":{"line":11,"column":106},"end":{"line":187,"column":null}},"line":11},"1":{"name":"(anonymous_1)","decl":{"start":{"line":12,"column":27},"end":{"line":12,"column":28}},"loc":{"start":{"line":12,"column":59},"end":{"line":14,"column":null}},"line":12},"2":{"name":"(anonymous_2)","decl":{"start":{"line":16,"column":22},"end":{"line":16,"column":28}},"loc":{"start":{"line":16,"column":28},"end":{"line":19,"column":null}},"line":16},"3":{"name":"(anonymous_3)","decl":{"start":{"line":21,"column":25},"end":{"line":21,"column":26}},"loc":{"start":{"line":21,"column":65},"end":{"line":25,"column":null}},"line":21},"4":{"name":"(anonymous_4)","decl":{"start":{"line":27,"column":25},"end":{"line":27,"column":26}},"loc":{"start":{"line":27,"column":50},"end":{"line":30,"column":null}},"line":27},"5":{"name":"(anonymous_5)","decl":{"start":{"line":28,"column":52},"end":{"line":28,"column":53}},"loc":{"start":{"line":28,"column":62},"end":{"line":28,"column":79}},"line":28},"6":{"name":"(anonymous_6)","decl":{"start":{"line":32,"column":31},"end":{"line":32,"column":32}},"loc":{"start":{"line":32,"column":66},"end":{"line":35,"column":null}},"line":32},"7":{"name":"(anonymous_7)","decl":{"start":{"line":46,"column":33},"end":{"line":46,"column":39}},"loc":{"start":{"line":46,"column":39},"end":{"line":46,"column":null}},"line":46},"8":{"name":"(anonymous_8)","decl":{"start":{"line":53,"column":33},"end":{"line":53,"column":39}},"loc":{"start":{"line":53,"column":39},"end":{"line":53,"column":null}},"line":53},"9":{"name":"(anonymous_9)","decl":{"start":{"line":69,"column":30},"end":{"line":69,"column":31}},"loc":{"start":{"line":69,"column":37},"end":{"line":69,"column":null}},"line":69},"10":{"name":"(anonymous_10)","decl":{"start":{"line":83,"column":30},"end":{"line":83,"column":31}},"loc":{"start":{"line":83,"column":37},"end":{"line":93,"column":null}},"line":83},"11":{"name":"(anonymous_11)","decl":{"start":{"line":109,"column":47},"end":{"line":109,"column":48}},"loc":{"start":{"line":110,"column":28},"end":{"line":136,"column":null}},"line":110},"12":{"name":"(anonymous_12)","decl":{"start":{"line":114,"column":46},"end":{"line":114,"column":47}},"loc":{"start":{"line":114,"column":53},"end":{"line":114,"column":null}},"line":114},"13":{"name":"(anonymous_13)","decl":{"start":{"line":122,"column":46},"end":{"line":122,"column":47}},"loc":{"start":{"line":122,"column":53},"end":{"line":122,"column":null}},"line":122},"14":{"name":"(anonymous_14)","decl":{"start":{"line":130,"column":49},"end":{"line":130,"column":55}},"loc":{"start":{"line":130,"column":55},"end":{"line":130,"column":null}},"line":130},"15":{"name":"(anonymous_15)","decl":{"start":{"line":159,"column":38},"end":{"line":159,"column":39}},"loc":{"start":{"line":159,"column":45},"end":{"line":159,"column":null}},"line":159},"16":{"name":"(anonymous_16)","decl":{"start":{"line":170,"column":38},"end":{"line":170,"column":39}},"loc":{"start":{"line":170,"column":45},"end":{"line":170,"column":null}},"line":170}},"branchMap":{"0":{"loc":{"start":{"line":17,"column":32},"end":{"line":17,"column":57}},"type":"binary-expr","locations":[{"start":{"line":17,"column":32},"end":{"line":17,"column":52}},{"start":{"line":17,"column":52},"end":{"line":17,"column":57}}],"line":17},"1":{"loc":{"start":{"line":22,"column":32},"end":{"line":22,"column":55}},"type":"binary-expr","locations":[{"start":{"line":22,"column":32},"end":{"line":22,"column":52}},{"start":{"line":22,"column":52},"end":{"line":22,"column":55}}],"line":22},"2":{"loc":{"start":{"line":33,"column":38},"end":{"line":33,"column":68}},"type":"binary-expr","locations":[{"start":{"line":33,"column":38},"end":{"line":33,"column":63}},{"start":{"line":33,"column":63},"end":{"line":33,"column":68}}],"line":33},"3":{"loc":{"start":{"line":88,"column":37},"end":{"line":88,"column":null}},"type":"cond-expr","locations":[{"start":{"line":88,"column":69},"end":{"line":88,"column":76}},{"start":{"line":88,"column":76},"end":{"line":88,"column":null}}],"line":88},"4":{"loc":{"start":{"line":89,"column":42},"end":{"line":89,"column":null}},"type":"cond-expr","locations":[{"start":{"line":89,"column":74},"end":{"line":89,"column":79}},{"start":{"line":89,"column":79},"end":{"line":89,"column":null}}],"line":89},"5":{"loc":{"start":{"line":90,"column":38},"end":{"line":90,"column":null}},"type":"cond-expr","locations":[{"start":{"line":90,"column":60},"end":{"line":90,"column":64}},{"start":{"line":90,"column":64},"end":{"line":90,"column":null}}],"line":90},"6":{"loc":{"start":{"line":91,"column":38},"end":{"line":91,"column":null}},"type":"cond-expr","locations":[{"start":{"line":91,"column":60},"end":{"line":91,"column":65}},{"start":{"line":91,"column":65},"end":{"line":91,"column":null}}],"line":91},"7":{"loc":{"start":{"line":103,"column":13},"end":{"line":146,"column":null}},"type":"binary-expr","locations":[{"start":{"line":103,"column":13},"end":{"line":103,"column":null}},{"start":{"line":104,"column":16},"end":{"line":146,"column":null}}],"line":103},"8":{"loc":{"start":{"line":121,"column":43},"end":{"line":121,"column":null}},"type":"binary-expr","locations":[{"start":{"line":121,"column":43},"end":{"line":121,"column":78}},{"start":{"line":121,"column":78},"end":{"line":121,"column":null}}],"line":121},"9":{"loc":{"start":{"line":122,"column":80},"end":{"line":122,"column":109}},"type":"binary-expr","locations":[{"start":{"line":122,"column":80},"end":{"line":122,"column":108}},{"start":{"line":122,"column":108},"end":{"line":122,"column":109}}],"line":122},"10":{"loc":{"start":{"line":127,"column":33},"end":{"line":134,"column":null}},"type":"binary-expr","locations":[{"start":{"line":127,"column":33},"end":{"line":127,"column":53}},{"start":{"line":127,"column":53},"end":{"line":127,"column":null}},{"start":{"line":128,"column":36},"end":{"line":134,"column":null}}],"line":127},"11":{"loc":{"start":{"line":150,"column":13},"end":{"line":174,"column":null}},"type":"binary-expr","locations":[{"start":{"line":150,"column":13},"end":{"line":150,"column":null}},{"start":{"line":151,"column":16},"end":{"line":174,"column":null}}],"line":150},"12":{"loc":{"start":{"line":158,"column":35},"end":{"line":158,"column":null}},"type":"binary-expr","locations":[{"start":{"line":158,"column":35},"end":{"line":158,"column":56}},{"start":{"line":158,"column":56},"end":{"line":158,"column":null}}],"line":158},"13":{"loc":{"start":{"line":159,"column":72},"end":{"line":159,"column":102}},"type":"binary-expr","locations":[{"start":{"line":159,"column":72},"end":{"line":159,"column":100}},{"start":{"line":159,"column":100},"end":{"line":159,"column":102}}],"line":159},"14":{"loc":{"start":{"line":169,"column":35},"end":{"line":169,"column":null}},"type":"binary-expr","locations":[{"start":{"line":169,"column":35},"end":{"line":169,"column":56}},{"start":{"line":169,"column":56},"end":{"line":169,"column":null}}],"line":169},"15":{"loc":{"start":{"line":170,"column":72},"end":{"line":170,"column":103}},"type":"binary-expr","locations":[{"start":{"line":170,"column":72},"end":{"line":170,"column":100}},{"start":{"line":170,"column":100},"end":{"line":170,"column":103}}],"line":170},"16":{"loc":{"start":{"line":178,"column":13},"end":{"line":183,"column":null}},"type":"binary-expr","locations":[{"start":{"line":178,"column":13},"end":{"line":178,"column":null}},{"start":{"line":179,"column":16},"end":{"line":183,"column":null}}],"line":178}},"s":{"0":7,"1":3,"2":7,"3":0,"4":0,"5":7,"6":1,"7":1,"8":1,"9":7,"10":0,"11":0,"12":0,"13":7,"14":0,"15":0,"16":7,"17":1,"18":1,"19":1,"20":1,"21":1,"22":14,"23":1,"24":0,"25":0,"26":0,"27":0},"f":{"0":7,"1":3,"2":0,"3":1,"4":0,"5":0,"6":0,"7":1,"8":1,"9":1,"10":1,"11":14,"12":1,"13":0,"14":0,"15":0,"16":0},"b":{"0":[0,0],"1":[1,0],"2":[0,0],"3":[0,1],"4":[0,1],"5":[1,0],"6":[1,0],"7":[7,7],"8":[14,14],"9":[0,0],"10":[14,14,0],"11":[7,0],"12":[0,0],"13":[0,0],"14":[0,0],"15":[0,0],"16":[7,0]},"meta":{"lastBranch":17,"lastFunction":17,"lastStatement":28,"seen":{"f:11:16:11:31":0,"s:12:27:14:Infinity":0,"f:12:27:12:28":1,"s:13:8:13:Infinity":1,"s:16:22:19:Infinity":2,"f:16:22:16:28":2,"s:17:27:17:Infinity":3,"b:17:32:17:52:17:52:17:57":0,"s:18:8:18:Infinity":4,"s:21:25:25:Infinity":5,"f:21:25:21:26":3,"s:22:27:22:Infinity":6,"b:22:32:22:52:22:52:22:55":1,"s:23:8:23:Infinity":7,"s:24:8:24:Infinity":8,"s:27:25:30:Infinity":9,"f:27:25:27:26":4,"s:28:27:28:Infinity":10,"f:28:52:28:53":5,"s:28:62:28:79":11,"s:29:8:29:Infinity":12,"s:32:31:35:Infinity":13,"f:32:31:32:32":6,"s:33:32:33:Infinity":14,"b:33:38:33:63:33:63:33:68":2,"s:34:8:34:Infinity":15,"s:37:4:185:Infinity":16,"f:46:33:46:39":7,"s:46:39:46:Infinity":17,"f:53:33:53:39":8,"s:53:39:53:Infinity":18,"f:69:30:69:31":9,"s:69:37:69:Infinity":19,"f:83:30:83:31":10,"s:84:40:84:Infinity":20,"s:85:24:92:Infinity":21,"b:88:69:88:76:88:76:88:Infinity":3,"b:89:74:89:79:89:79:89:Infinity":4,"b:90:60:90:64:90:64:90:Infinity":5,"b:91:60:91:65:91:65:91:Infinity":6,"b:103:13:103:Infinity:104:16:146:Infinity":7,"f:109:47:109:48":11,"s:110:28:136:Infinity":22,"f:114:46:114:47":12,"s:114:53:114:Infinity":23,"b:121:43:121:78:121:78:121:Infinity":8,"f:122:46:122:47":13,"s:122:53:122:Infinity":24,"b:122:80:122:108:122:108:122:109":9,"b:127:33:127:53:127:53:127:Infinity:128:36:134:Infinity":10,"f:130:49:130:55":14,"s:130:55:130:Infinity":25,"b:150:13:150:Infinity:151:16:174:Infinity":11,"b:158:35:158:56:158:56:158:Infinity":12,"f:159:38:159:39":15,"s:159:45:159:Infinity":26,"b:159:72:159:100:159:100:159:102":13,"b:169:35:169:56:169:56:169:Infinity":14,"f:170:38:170:39":16,"s:170:45:170:Infinity":27,"b:170:72:170:100:170:100:170:103":15,"b:178:13:178:Infinity:179:16:183:Infinity":16}}}
,"/Users/meowiu/wellness-tracker/app/components/ScoreRangeEditor.tsx": {"path":"/Users/meowiu/wellness-tracker/app/components/ScoreRangeEditor.tsx","statementMap":{"0":{"start":{"line":13,"column":21},"end":{"line":22,"column":null}},"1":{"start":{"line":14,"column":37},"end":{"line":20,"column":null}},"2":{"start":{"line":21,"column":8},"end":{"line":21,"column":null}},"3":{"start":{"line":25,"column":24},"end":{"line":28,"column":null}},"4":{"start":{"line":26,"column":26},"end":{"line":26,"column":null}},"5":{"start":{"line":26,"column":55},"end":{"line":26,"column":66}},"6":{"start":{"line":27,"column":8},"end":{"line":27,"column":null}},"7":{"start":{"line":31,"column":24},"end":{"line":35,"column":null}},"8":{"start":{"line":32,"column":26},"end":{"line":32,"column":null}},"9":{"start":{"line":33,"column":8},"end":{"line":33,"column":null}},"10":{"start":{"line":34,"column":8},"end":{"line":34,"column":null}},"11":{"start":{"line":37,"column":4},"end":{"line":155,"column":null}},"12":{"start":{"line":60,"column":24},"end":{"line":151,"column":null}},"13":{"start":{"line":67,"column":51},"end":{"line":67,"column":null}},"14":{"start":{"line":83,"column":61},"end":{"line":83,"column":null}},"15":{"start":{"line":95,"column":61},"end":{"line":95,"column":null}},"16":{"start":{"line":108,"column":57},"end":{"line":108,"column":null}},"17":{"start":{"line":122,"column":53},"end":{"line":122,"column":null}},"18":{"start":{"line":134,"column":40},"end":{"line":147,"column":null}},"19":{"start":{"line":137,"column":59},"end":{"line":137,"column":null}}},"fnMap":{"0":{"name":"ScoreRangeEditor","decl":{"start":{"line":11,"column":16},"end":{"line":11,"column":33}},"loc":{"start":{"line":11,"column":83},"end":{"line":157,"column":null}},"line":11},"1":{"name":"(anonymous_1)","decl":{"start":{"line":13,"column":21},"end":{"line":13,"column":27}},"loc":{"start":{"line":13,"column":27},"end":{"line":22,"column":null}},"line":13},"2":{"name":"(anonymous_2)","decl":{"start":{"line":25,"column":24},"end":{"line":25,"column":25}},"loc":{"start":{"line":25,"column":43},"end":{"line":28,"column":null}},"line":25},"3":{"name":"(anonymous_3)","decl":{"start":{"line":26,"column":45},"end":{"line":26,"column":46}},"loc":{"start":{"line":26,"column":55},"end":{"line":26,"column":66}},"line":26},"4":{"name":"(anonymous_4)","decl":{"start":{"line":31,"column":24},"end":{"line":31,"column":25}},"loc":{"start":{"line":31,"column":80},"end":{"line":35,"column":null}},"line":31},"5":{"name":"(anonymous_5)","decl":{"start":{"line":59,"column":37},"end":{"line":59,"column":38}},"loc":{"start":{"line":60,"column":24},"end":{"line":151,"column":null}},"line":60},"6":{"name":"(anonymous_6)","decl":{"start":{"line":67,"column":45},"end":{"line":67,"column":51}},"loc":{"start":{"line":67,"column":51},"end":{"line":67,"column":null}},"line":67},"7":{"name":"(anonymous_7)","decl":{"start":{"line":83,"column":54},"end":{"line":83,"column":55}},"loc":{"start":{"line":83,"column":61},"end":{"line":83,"column":null}},"line":83},"8":{"name":"(anonymous_8)","decl":{"start":{"line":95,"column":54},"end":{"line":95,"column":55}},"loc":{"start":{"line":95,"column":61},"end":{"line":95,"column":null}},"line":95},"9":{"name":"(anonymous_9)","decl":{"start":{"line":108,"column":50},"end":{"line":108,"column":51}},"loc":{"start":{"line":108,"column":57},"end":{"line":108,"column":null}},"line":108},"10":{"name":"(anonymous_10)","decl":{"start":{"line":122,"column":46},"end":{"line":122,"column":47}},"loc":{"start":{"line":122,"column":53},"end":{"line":122,"column":null}},"line":122},"11":{"name":"(anonymous_11)","decl":{"start":{"line":133,"column":90},"end":{"line":133,"column":91}},"loc":{"start":{"line":134,"column":40},"end":{"line":147,"column":null}},"line":134},"12":{"name":"(anonymous_12)","decl":{"start":{"line":137,"column":53},"end":{"line":137,"column":59}},"loc":{"start":{"line":137,"column":59},"end":{"line":137,"column":null}},"line":137}},"branchMap":{"0":{"loc":{"start":{"line":53,"column":13},"end":{"line":153,"column":null}},"type":"cond-expr","locations":[{"start":{"line":54,"column":16},"end":{"line":56,"column":null}},{"start":{"line":58,"column":16},"end":{"line":153,"column":null}}],"line":53},"1":{"loc":{"start":{"line":83,"column":87},"end":{"line":83,"column":116}},"type":"binary-expr","locations":[{"start":{"line":83,"column":87},"end":{"line":83,"column":115}},{"start":{"line":83,"column":115},"end":{"line":83,"column":116}}],"line":83},"2":{"loc":{"start":{"line":95,"column":87},"end":{"line":95,"column":116}},"type":"binary-expr","locations":[{"start":{"line":95,"column":87},"end":{"line":95,"column":115}},{"start":{"line":95,"column":115},"end":{"line":95,"column":116}}],"line":95},"3":{"loc":{"start":{"line":140,"column":50},"end":{"line":140,"column":158}},"type":"cond-expr","locations":[{"start":{"line":140,"column":74},"end":{"line":140,"column":109}},{"start":{"line":140,"column":109},"end":{"line":140,"column":158}}],"line":140},"4":{"loc":{"start":{"line":141,"column":50},"end":{"line":141,"column":89}},"type":"cond-expr","locations":[{"start":{"line":141,"column":70},"end":{"line":141,"column":87}},{"start":{"line":141,"column":87},"end":{"line":141,"column":89}}],"line":141},"5":{"loc":{"start":{"line":142,"column":50},"end":{"line":142,"column":91}},"type":"cond-expr","locations":[{"start":{"line":142,"column":71},"end":{"line":142,"column":89}},{"start":{"line":142,"column":89},"end":{"line":142,"column":91}}],"line":142},"6":{"loc":{"start":{"line":143,"column":50},"end":{"line":143,"column":91}},"type":"cond-expr","locations":[{"start":{"line":143,"column":71},"end":{"line":143,"column":89}},{"start":{"line":143,"column":89},"end":{"line":143,"column":91}}],"line":143},"7":{"loc":{"start":{"line":144,"column":50},"end":{"line":144,"column":87}},"type":"cond-expr","locations":[{"start":{"line":144,"column":69},"end":{"line":144,"column":85}},{"start":{"line":144,"column":85},"end":{"line":144,"column":87}}],"line":144}},"s":{"0":5,"1":1,"2":1,"3":5,"4":1,"5":2,"6":1,"7":5,"8":1,"9":1,"10":1,"11":5,"12":6,"13":1,"14":0,"15":0,"16":1,"17":0,"18":24,"19":0},"f":{"0":5,"1":1,"2":1,"3":2,"4":1,"5":6,"6":1,"7":0,"8":0,"9":1,"10":0,"11":24,"12":0},"b":{"0":[2,3],"1":[0,0],"2":[0,0],"3":[6,18],"4":[6,18],"5":[6,18],"6":[6,18],"7":[6,18]},"meta":{"lastBranch":8,"lastFunction":13,"lastStatement":20,"seen":{"f:11:16:11:33":0,"s:13:21:22:Infinity":0,"f:13:21:13:27":1,"s:14:37:20:Infinity":1,"s:21:8:21:Infinity":2,"s:25:24:28:Infinity":3,"f:25:24:25:25":2,"s:26:26:26:Infinity":4,"f:26:45:26:46":3,"s:26:55:26:66":5,"s:27:8:27:Infinity":6,"s:31:24:35:Infinity":7,"f:31:24:31:25":4,"s:32:26:32:Infinity":8,"s:33:8:33:Infinity":9,"s:34:8:34:Infinity":10,"s:37:4:155:Infinity":11,"b:54:16:56:Infinity:58:16:153:Infinity":0,"f:59:37:59:38":5,"s:60:24:151:Infinity":12,"f:67:45:67:51":6,"s:67:51:67:Infinity":13,"f:83:54:83:55":7,"s:83:61:83:Infinity":14,"b:83:87:83:115:83:115:83:116":1,"f:95:54:95:55":8,"s:95:61:95:Infinity":15,"b:95:87:95:115:95:115:95:116":2,"f:108:50:108:51":9,"s:108:57:108:Infinity":16,"f:122:46:122:47":10,"s:122:53:122:Infinity":17,"f:133:90:133:91":11,"s:134:40:147:Infinity":18,"f:137:53:137:59":12,"s:137:59:137:Infinity":19,"b:140:74:140:109:140:109:140:158":3,"b:141:70:141:87:141:87:141:89":4,"b:142:71:142:89:142:89:142:91":5,"b:143:71:143:89:143:89:143:91":6,"b:144:69:144:85:144:85:144:87":7}}}
,"/Users/meowiu/wellness-tracker/app/lib/auth.server.ts": {"path":"/Users/meowiu/wellness-tracker/app/lib/auth.server.ts","statementMap":{"0":{"start":{"line":22,"column":20},"end":{"line":22,"column":null}},"1":{"start":{"line":31,"column":4},"end":{"line":31,"column":null}},"2":{"start":{"line":42,"column":4},"end":{"line":42,"column":null}},"3":{"start":{"line":52,"column":18},"end":{"line":52,"column":null}},"4":{"start":{"line":53,"column":4},"end":{"line":53,"column":null}},"5":{"start":{"line":63,"column":18},"end":{"line":63,"column":null}},"6":{"start":{"line":64,"column":4},"end":{"line":64,"column":null}},"7":{"start":{"line":80,"column":18},"end":{"line":80,"column":null}},"8":{"start":{"line":83,"column":25},"end":{"line":83,"column":null}},"9":{"start":{"line":84,"column":4},"end":{"line":86,"column":null}},"10":{"start":{"line":85,"column":8},"end":{"line":85,"column":null}},"11":{"start":{"line":89,"column":25},"end":{"line":89,"column":null}},"12":{"start":{"line":92,"column":36},"end":{"line":98,"column":null}},"13":{"start":{"line":100,"column":19},"end":{"line":100,"column":null}},"14":{"start":{"line":102,"column":4},"end":{"line":105,"column":null}},"15":{"start":{"line":116,"column":17},"end":{"line":116,"column":null}},"16":{"start":{"line":118,"column":4},"end":{"line":120,"column":null}},"17":{"start":{"line":119,"column":8},"end":{"line":119,"column":null}},"18":{"start":{"line":122,"column":20},"end":{"line":122,"column":null}},"19":{"start":{"line":124,"column":4},"end":{"line":124,"column":null}},"20":{"start":{"line":135,"column":19},"end":{"line":135,"column":null}},"21":{"start":{"line":137,"column":4},"end":{"line":139,"column":null}},"22":{"start":{"line":138,"column":8},"end":{"line":138,"column":null}},"23":{"start":{"line":141,"column":17},"end":{"line":141,"column":null}},"24":{"start":{"line":143,"column":4},"end":{"line":145,"column":null}},"25":{"start":{"line":144,"column":8},"end":{"line":144,"column":null}},"26":{"start":{"line":147,"column":4},"end":{"line":147,"column":null}},"27":{"start":{"line":162,"column":19},"end":{"line":162,"column":null}},"28":{"start":{"line":164,"column":4},"end":{"line":170,"column":null}},"29":{"start":{"line":165,"column":20},"end":{"line":165,"column":null}},"30":{"start":{"line":166,"column":29},"end":{"line":168,"column":null}},"31":{"start":{"line":169,"column":8},"end":{"line":169,"column":null}},"32":{"start":{"line":172,"column":17},"end":{"line":172,"column":null}},"33":{"start":{"line":174,"column":4},"end":{"line":176,"column":null}},"34":{"start":{"line":175,"column":8},"end":{"line":175,"column":null}},"35":{"start":{"line":178,"column":4},"end":{"line":178,"column":null}},"36":{"start":{"line":190,"column":17},"end":{"line":190,"column":null}},"37":{"start":{"line":192,"column":4},"end":{"line":194,"column":null}},"38":{"start":{"line":193,"column":8},"end":{"line":193,"column":null}},"39":{"start":{"line":196,"column":4},"end":{"line":196,"column":null}}},"fnMap":{"0":{"name":"hashPassword","decl":{"start":{"line":30,"column":22},"end":{"line":30,"column":35}},"loc":{"start":{"line":30,"column":70},"end":{"line":32,"column":null}},"line":30},"1":{"name":"verifyPassword","decl":{"start":{"line":41,"column":22},"end":{"line":41,"column":37}},"loc":{"start":{"line":41,"column":87},"end":{"line":43,"column":null}},"line":41},"2":{"name":"getUserByEmail","decl":{"start":{"line":51,"column":22},"end":{"line":51,"column":37}},"loc":{"start":{"line":51,"column":74},"end":{"line":54,"column":null}},"line":51},"3":{"name":"getUserById","decl":{"start":{"line":62,"column":22},"end":{"line":62,"column":34}},"loc":{"start":{"line":62,"column":72},"end":{"line":65,"column":null}},"line":62},"4":{"name":"createUser","decl":{"start":{"line":75,"column":22},"end":{"line":75,"column":null}},"loc":{"start":{"line":79,"column":17},"end":{"line":106,"column":null}},"line":79},"5":{"name":"verifyLogin","decl":{"start":{"line":115,"column":22},"end":{"line":115,"column":34}},"loc":{"start":{"line":115,"column":89},"end":{"line":125,"column":null}},"line":115},"6":{"name":"getOptionalUser","decl":{"start":{"line":134,"column":22},"end":{"line":134,"column":38}},"loc":{"start":{"line":134,"column":88},"end":{"line":148,"column":null}},"line":134},"7":{"name":"requireUser","decl":{"start":{"line":158,"column":22},"end":{"line":158,"column":null}},"loc":{"start":{"line":161,"column":27},"end":{"line":179,"column":null}},"line":161},"8":{"name":"requireAdmin","decl":{"start":{"line":189,"column":22},"end":{"line":189,"column":35}},"loc":{"start":{"line":189,"column":78},"end":{"line":197,"column":null}},"line":189}},"branchMap":{"0":{"loc":{"start":{"line":78,"column":4},"end":{"line":78,"column":null}},"type":"default-arg","locations":[{"start":{"line":78,"column":29},"end":{"line":78,"column":null}}],"line":78},"1":{"loc":{"start":{"line":84,"column":4},"end":{"line":86,"column":null}},"type":"if","locations":[{"start":{"line":84,"column":4},"end":{"line":86,"column":null}},{"start":{},"end":{}}],"line":84},"2":{"loc":{"start":{"line":118,"column":4},"end":{"line":120,"column":null}},"type":"if","locations":[{"start":{"line":118,"column":4},"end":{"line":120,"column":null}},{"start":{},"end":{}}],"line":118},"3":{"loc":{"start":{"line":124,"column":11},"end":{"line":124,"column":null}},"type":"cond-expr","locations":[{"start":{"line":124,"column":21},"end":{"line":124,"column":28}},{"start":{"line":124,"column":28},"end":{"line":124,"column":null}}],"line":124},"4":{"loc":{"start":{"line":137,"column":4},"end":{"line":139,"column":null}},"type":"if","locations":[{"start":{"line":137,"column":4},"end":{"line":139,"column":null}},{"start":{},"end":{}}],"line":137},"5":{"loc":{"start":{"line":143,"column":4},"end":{"line":145,"column":null}},"type":"if","locations":[{"start":{"line":143,"column":4},"end":{"line":145,"column":null}},{"start":{},"end":{}}],"line":143},"6":{"loc":{"start":{"line":164,"column":4},"end":{"line":170,"column":null}},"type":"if","locations":[{"start":{"line":164,"column":4},"end":{"line":170,"column":null}},{"start":{},"end":{}}],"line":164},"7":{"loc":{"start":{"line":167,"column":27},"end":{"line":167,"column":53}},"type":"binary-expr","locations":[{"start":{"line":167,"column":27},"end":{"line":167,"column":41}},{"start":{"line":167,"column":41},"end":{"line":167,"column":53}}],"line":167},"8":{"loc":{"start":{"line":174,"column":4},"end":{"line":176,"column":null}},"type":"if","locations":[{"start":{"line":174,"column":4},"end":{"line":176,"column":null}},{"start":{},"end":{}}],"line":174},"9":{"loc":{"start":{"line":192,"column":4},"end":{"line":194,"column":null}},"type":"if","locations":[{"start":{"line":192,"column":4},"end":{"line":194,"column":null}},{"start":{},"end":{}}],"line":192}},"s":{"0":1,"1":2,"2":4,"3":7,"4":7,"5":1,"6":1,"7":2,"8":2,"9":2,"10":1,"11":1,"12":1,"13":1,"14":1,"15":3,"16":3,"17":1,"18":2,"19":2,"20":0,"21":0,"22":0,"23":0,"24":0,"25":0,"26":0,"27":2,"28":2,"29":1,"30":1,"31":1,"32":1,"33":1,"34":0,"35":1,"36":0,"37":0,"38":0,"39":0},"f":{"0":2,"1":4,"2":7,"3":1,"4":2,"5":3,"6":0,"7":2,"8":0},"b":{"0":[2],"1":[1,1],"2":[1,2],"3":[1,1],"4":[0,0],"5":[0,0],"6":[1,1],"7":[1,1],"8":[0,1],"9":[0,0]},"meta":{"lastBranch":10,"lastFunction":9,"lastStatement":40,"seen":{"s:22:20:22:Infinity":0,"f:30:22:30:35":0,"s:31:4:31:Infinity":1,"f:41:22:41:37":1,"s:42:4:42:Infinity":2,"f:51:22:51:37":2,"s:52:18:52:Infinity":3,"s:53:4:53:Infinity":4,"f:62:22:62:34":3,"s:63:18:63:Infinity":5,"s:64:4:64:Infinity":6,"f:75:22:75:Infinity":4,"b:78:29:78:Infinity":0,"s:80:18:80:Infinity":7,"s:83:25:83:Infinity":8,"b:84:4:86:Infinity:undefined:undefined:undefined:undefined":1,"s:84:4:86:Infinity":9,"s:85:8:85:Infinity":10,"s:89:25:89:Infinity":11,"s:92:36:98:Infinity":12,"s:100:19:100:Infinity":13,"s:102:4:105:Infinity":14,"f:115:22:115:34":5,"s:116:17:116:Infinity":15,"b:118:4:120:Infinity:undefined:undefined:undefined:undefined":2,"s:118:4:120:Infinity":16,"s:119:8:119:Infinity":17,"s:122:20:122:Infinity":18,"s:124:4:124:Infinity":19,"b:124:21:124:28:124:28:124:Infinity":3,"f:134:22:134:38":6,"s:135:19:135:Infinity":20,"b:137:4:139:Infinity:undefined:undefined:undefined:undefined":4,"s:137:4:139:Infinity":21,"s:138:8:138:Infinity":22,"s:141:17:141:Infinity":23,"b:143:4:145:Infinity:undefined:undefined:undefined:undefined":5,"s:143:4:145:Infinity":24,"s:144:8:144:Infinity":25,"s:147:4:147:Infinity":26,"f:158:22:158:Infinity":7,"s:162:19:162:Infinity":27,"b:164:4:170:Infinity:undefined:undefined:undefined:undefined":6,"s:164:4:170:Infinity":28,"s:165:20:165:Infinity":29,"s:166:29:168:Infinity":30,"b:167:27:167:41:167:41:167:53":7,"s:169:8:169:Infinity":31,"s:172:17:172:Infinity":32,"b:174:4:176:Infinity:undefined:undefined:undefined:undefined":8,"s:174:4:176:Infinity":33,"s:175:8:175:Infinity":34,"s:178:4:178:Infinity":35,"f:189:22:189:35":8,"s:190:17:190:Infinity":36,"b:192:4:194:Infinity:undefined:undefined:undefined:undefined":9,"s:192:4:194:Infinity":37,"s:193:8:193:Infinity":38,"s:196:4:196:Infinity":39}}}
,"/Users/meowiu/wellness-tracker/app/lib/db.server.ts": {"path":"/Users/meowiu/wellness-tracker/app/lib/db.server.ts","statementMap":{"0":{"start":{"line":18,"column":33},"end":{"line":18,"column":null}},"1":{"start":{"line":19,"column":20},"end":{"line":19,"column":null}},"2":{"start":{"line":26,"column":2},"end":{"line":28,"column":null}},"3":{"start":{"line":27,"column":4},"end":{"line":27,"column":null}},"4":{"start":{"line":30,"column":14},"end":{"line":30,"column":null}},"5":{"start":{"line":32,"column":2},"end":{"line":37,"column":null}},"6":{"start":{"line":33,"column":4},"end":{"line":36,"column":null}},"7":{"start":{"line":39,"column":2},"end":{"line":39,"column":null}},"8":{"start":{"line":40,"column":2},"end":{"line":40,"column":null}},"9":{"start":{"line":43,"column":17},"end":{"line":43,"column":null}},"10":{"start":{"line":44,"column":2},"end":{"line":44,"column":null}},"11":{"start":{"line":46,"column":2},"end":{"line":46,"column":null}},"12":{"start":{"line":48,"column":2},"end":{"line":48,"column":null}},"13":{"start":{"line":64,"column":19},"end":{"line":64,"column":null}},"14":{"start":{"line":65,"column":2},"end":{"line":65,"column":null}},"15":{"start":{"line":73,"column":2},"end":{"line":78,"column":null}},"16":{"start":{"line":74,"column":4},"end":{"line":74,"column":null}},"17":{"start":{"line":75,"column":4},"end":{"line":75,"column":null}},"18":{"start":{"line":76,"column":4},"end":{"line":76,"column":null}},"19":{"start":{"line":77,"column":4},"end":{"line":77,"column":null}}},"fnMap":{"0":{"name":"getDb","decl":{"start":{"line":25,"column":22},"end":{"line":25,"column":43}},"loc":{"start":{"line":25,"column":43},"end":{"line":49,"column":null}},"line":25},"1":{"name":"getCollection","decl":{"start":{"line":61,"column":22},"end":{"line":61,"column":null}},"loc":{"start":{"line":63,"column":26},"end":{"line":66,"column":null}},"line":63},"2":{"name":"closeDb","decl":{"start":{"line":72,"column":22},"end":{"line":72,"column":47}},"loc":{"start":{"line":72,"column":47},"end":{"line":79,"column":null}},"line":72}},"branchMap":{"0":{"loc":{"start":{"line":26,"column":2},"end":{"line":28,"column":null}},"type":"if","locations":[{"start":{"line":26,"column":2},"end":{"line":28,"column":null}},{"start":{},"end":{}}],"line":26},"1":{"loc":{"start":{"line":32,"column":2},"end":{"line":37,"column":null}},"type":"if","locations":[{"start":{"line":32,"column":2},"end":{"line":37,"column":null}},{"start":{},"end":{}}],"line":32},"2":{"loc":{"start":{"line":43,"column":17},"end":{"line":43,"column":null}},"type":"binary-expr","locations":[{"start":{"line":43,"column":17},"end":{"line":43,"column":56}},{"start":{"line":43,"column":56},"end":{"line":43,"column":null}}],"line":43},"3":{"loc":{"start":{"line":73,"column":2},"end":{"line":78,"column":null}},"type":"if","locations":[{"start":{"line":73,"column":2},"end":{"line":78,"column":null}},{"start":{},"end":{}}],"line":73}},"s":{"0":2,"1":2,"2":0,"3":0,"4":0,"5":0,"6":0,"7":0,"8":0,"9":0,"10":0,"11":0,"12":0,"13":0,"14":0,"15":0,"16":0,"17":0,"18":0,"19":0},"f":{"0":0,"1":0,"2":0},"b":{"0":[0,0],"1":[0,0],"2":[0,0],"3":[0,0]},"meta":{"lastBranch":4,"lastFunction":3,"lastStatement":20,"seen":{"s:18:33:18:Infinity":0,"s:19:20:19:Infinity":1,"f:25:22:25:43":0,"b:26:2:28:Infinity:undefined:undefined:undefined:undefined":0,"s:26:2:28:Infinity":2,"s:27:4:27:Infinity":3,"s:30:14:30:Infinity":4,"b:32:2:37:Infinity:undefined:undefined:undefined:undefined":1,"s:32:2:37:Infinity":5,"s:33:4:36:Infinity":6,"s:39:2:39:Infinity":7,"s:40:2:40:Infinity":8,"s:43:17:43:Infinity":9,"b:43:17:43:56:43:56:43:Infinity":2,"s:44:2:44:Infinity":10,"s:46:2:46:Infinity":11,"s:48:2:48:Infinity":12,"f:61:22:61:Infinity":1,"s:64:19:64:Infinity":13,"s:65:2:65:Infinity":14,"f:72:22:72:47":2,"b:73:2:78:Infinity:undefined:undefined:undefined:undefined":3,"s:73:2:78:Infinity":15,"s:74:4:74:Infinity":16,"s:75:4:75:Infinity":17,"s:76:4:76:Infinity":18,"s:77:4:77:Infinity":19}}}
,"/Users/meowiu/wellness-tracker/app/lib/progress.server.ts": {"path":"/Users/meowiu/wellness-tracker/app/lib/progress.server.ts","statementMap":{"0":{"start":{"line":29,"column":4},"end":{"line":31,"column":null}},"1":{"start":{"line":30,"column":8},"end":{"line":30,"column":null}},"2":{"start":{"line":33,"column":18},"end":{"line":33,"column":null}},"3":{"start":{"line":34,"column":17},"end":{"line":34,"column":null}},"4":{"start":{"line":35,"column":19},"end":{"line":35,"column":null}},"5":{"start":{"line":38,"column":4},"end":{"line":38,"column":null}},"6":{"start":{"line":38,"column":20},"end":{"line":38,"column":null}},"7":{"start":{"line":39,"column":4},"end":{"line":39,"column":null}},"8":{"start":{"line":39,"column":21},"end":{"line":39,"column":null}},"9":{"start":{"line":40,"column":4},"end":{"line":40,"column":null}},"10":{"start":{"line":50,"column":4},"end":{"line":50,"column":null}},"11":{"start":{"line":50,"column":29},"end":{"line":50,"column":null}},"12":{"start":{"line":52,"column":16},"end":{"line":52,"column":null}},"13":{"start":{"line":52,"column":46},"end":{"line":52,"column":59}},"14":{"start":{"line":53,"column":20},"end":{"line":53,"column":null}},"15":{"start":{"line":55,"column":4},"end":{"line":55,"column":null}},"16":{"start":{"line":65,"column":4},"end":{"line":65,"column":null}},"17":{"start":{"line":65,"column":27},"end":{"line":65,"column":null}},"18":{"start":{"line":67,"column":4},"end":{"line":67,"column":null}},"19":{"start":{"line":77,"column":4},"end":{"line":77,"column":null}},"20":{"start":{"line":77,"column":29},"end":{"line":77,"column":null}},"21":{"start":{"line":78,"column":4},"end":{"line":78,"column":null}},"22":{"start":{"line":88,"column":4},"end":{"line":88,"column":null}},"23":{"start":{"line":88,"column":29},"end":{"line":88,"column":null}},"24":{"start":{"line":89,"column":4},"end":{"line":89,"column":null}},"25":{"start":{"line":103,"column":4},"end":{"line":111,"column":null}}},"fnMap":{"0":{"name":"calculateTrend","decl":{"start":{"line":28,"column":16},"end":{"line":28,"column":31}},"loc":{"start":{"line":28,"column":56},"end":{"line":41,"column":null}},"line":28},"1":{"name":"getAverageScore","decl":{"start":{"line":49,"column":16},"end":{"line":49,"column":32}},"loc":{"start":{"line":49,"column":58},"end":{"line":56,"column":null}},"line":49},"2":{"name":"(anonymous_2)","decl":{"start":{"line":52,"column":30},"end":{"line":52,"column":31}},"loc":{"start":{"line":52,"column":46},"end":{"line":52,"column":59}},"line":52},"3":{"name":"getScoreChange","decl":{"start":{"line":64,"column":16},"end":{"line":64,"column":31}},"loc":{"start":{"line":64,"column":57},"end":{"line":68,"column":null}},"line":64},"4":{"name":"getBestScore","decl":{"start":{"line":76,"column":16},"end":{"line":76,"column":29}},"loc":{"start":{"line":76,"column":55},"end":{"line":79,"column":null}},"line":76},"5":{"name":"getWorstScore","decl":{"start":{"line":87,"column":16},"end":{"line":87,"column":30}},"loc":{"start":{"line":87,"column":56},"end":{"line":90,"column":null}},"line":87},"6":{"name":"calculateProgressStats","decl":{"start":{"line":99,"column":16},"end":{"line":99,"column":null}},"loc":{"start":{"line":102,"column":43},"end":{"line":112,"column":null}},"line":102}},"branchMap":{"0":{"loc":{"start":{"line":29,"column":4},"end":{"line":31,"column":null}},"type":"if","locations":[{"start":{"line":29,"column":4},"end":{"line":31,"column":null}},{"start":{},"end":{}}],"line":29},"1":{"loc":{"start":{"line":38,"column":4},"end":{"line":38,"column":null}},"type":"if","locations":[{"start":{"line":38,"column":4},"end":{"line":38,"column":null}},{"start":{},"end":{}}],"line":38},"2":{"loc":{"start":{"line":39,"column":4},"end":{"line":39,"column":null}},"type":"if","locations":[{"start":{"line":39,"column":4},"end":{"line":39,"column":null}},{"start":{},"end":{}}],"line":39},"3":{"loc":{"start":{"line":50,"column":4},"end":{"line":50,"column":null}},"type":"if","locations":[{"start":{"line":50,"column":4},"end":{"line":50,"column":null}},{"start":{},"end":{}}],"line":50},"4":{"loc":{"start":{"line":65,"column":4},"end":{"line":65,"column":null}},"type":"if","locations":[{"start":{"line":65,"column":4},"end":{"line":65,"column":null}},{"start":{},"end":{}}],"line":65},"5":{"loc":{"start":{"line":77,"column":4},"end":{"line":77,"column":null}},"type":"if","locations":[{"start":{"line":77,"column":4},"end":{"line":77,"column":null}},{"start":{},"end":{}}],"line":77},"6":{"loc":{"start":{"line":88,"column":4},"end":{"line":88,"column":null}},"type":"if","locations":[{"start":{"line":88,"column":4},"end":{"line":88,"column":null}},{"start":{},"end":{}}],"line":88},"7":{"loc":{"start":{"line":109,"column":16},"end":{"line":109,"column":null}},"type":"binary-expr","locations":[{"start":{"line":109,"column":16},"end":{"line":109,"column":45}},{"start":{"line":109,"column":45},"end":{"line":109,"column":null}}],"line":109}},"s":{"0":10,"1":2,"2":8,"3":8,"4":8,"5":8,"6":3,"7":5,"8":2,"9":3,"10":5,"11":1,"12":4,"13":12,"14":4,"15":4,"16":5,"17":2,"18":3,"19":3,"20":1,"21":2,"22":3,"23":1,"24":2,"25":1},"f":{"0":10,"1":5,"2":12,"3":5,"4":3,"5":3,"6":1},"b":{"0":[2,8],"1":[3,5],"2":[2,3],"3":[1,4],"4":[2,3],"5":[1,2],"6":[1,2],"7":[1,0]},"meta":{"lastBranch":8,"lastFunction":7,"lastStatement":26,"seen":{"f:28:16:28:31":0,"b:29:4:31:Infinity:undefined:undefined:undefined:undefined":0,"s:29:4:31:Infinity":0,"s:30:8:30:Infinity":1,"s:33:18:33:Infinity":2,"s:34:17:34:Infinity":3,"s:35:19:35:Infinity":4,"b:38:4:38:Infinity:undefined:undefined:undefined:undefined":1,"s:38:4:38:Infinity":5,"s:38:20:38:Infinity":6,"b:39:4:39:Infinity:undefined:undefined:undefined:undefined":2,"s:39:4:39:Infinity":7,"s:39:21:39:Infinity":8,"s:40:4:40:Infinity":9,"f:49:16:49:32":1,"b:50:4:50:Infinity:undefined:undefined:undefined:undefined":3,"s:50:4:50:Infinity":10,"s:50:29:50:Infinity":11,"s:52:16:52:Infinity":12,"f:52:30:52:31":2,"s:52:46:52:59":13,"s:53:20:53:Infinity":14,"s:55:4:55:Infinity":15,"f:64:16:64:31":3,"b:65:4:65:Infinity:undefined:undefined:undefined:undefined":4,"s:65:4:65:Infinity":16,"s:65:27:65:Infinity":17,"s:67:4:67:Infinity":18,"f:76:16:76:29":4,"b:77:4:77:Infinity:undefined:undefined:undefined:undefined":5,"s:77:4:77:Infinity":19,"s:77:29:77:Infinity":20,"s:78:4:78:Infinity":21,"f:87:16:87:30":5,"b:88:4:88:Infinity:undefined:undefined:undefined:undefined":6,"s:88:4:88:Infinity":22,"s:88:29:88:Infinity":23,"s:89:4:89:Infinity":24,"f:99:16:99:Infinity":6,"s:103:4:111:Infinity":25,"b:109:16:109:45:109:45:109:Infinity":7}}}
,"/Users/meowiu/wellness-tracker/app/lib/session.server.ts": {"path":"/Users/meowiu/wellness-tracker/app/lib/session.server.ts","statementMap":{"0":{"start":{"line":18,"column":22},"end":{"line":18,"column":null}},"1":{"start":{"line":20,"column":0},"end":{"line":25,"column":null}},"2":{"start":{"line":21,"column":4},"end":{"line":24,"column":null}},"3":{"start":{"line":28,"column":50},"end":{"line":38,"column":null}},"4":{"start":{"line":47,"column":20},"end":{"line":47,"column":null}},"5":{"start":{"line":48,"column":19},"end":{"line":48,"column":null}},"6":{"start":{"line":49,"column":4},"end":{"line":49,"column":null}},"7":{"start":{"line":63,"column":20},"end":{"line":63,"column":null}},"8":{"start":{"line":64,"column":4},"end":{"line":64,"column":null}},"9":{"start":{"line":66,"column":4},"end":{"line":70,"column":null}},"10":{"start":{"line":81,"column":20},"end":{"line":81,"column":null}},"11":{"start":{"line":83,"column":4},"end":{"line":87,"column":null}},"12":{"start":{"line":97,"column":19},"end":{"line":97,"column":null}},"13":{"start":{"line":98,"column":4},"end":{"line":98,"column":null}},"14":{"start":{"line":98,"column":17},"end":{"line":98,"column":null}},"15":{"start":{"line":100,"column":28},"end":{"line":100,"column":null}},"16":{"start":{"line":101,"column":30},"end":{"line":101,"column":null}},"17":{"start":{"line":103,"column":17},"end":{"line":103,"column":null}},"18":{"start":{"line":104,"column":4},"end":{"line":104,"column":null}},"19":{"start":{"line":104,"column":15},"end":{"line":104,"column":null}},"20":{"start":{"line":106,"column":4},"end":{"line":106,"column":null}}},"fnMap":{"0":{"name":"getUserId","decl":{"start":{"line":46,"column":22},"end":{"line":46,"column":32}},"loc":{"start":{"line":46,"column":74},"end":{"line":50,"column":null}},"line":46},"1":{"name":"createUserSession","decl":{"start":{"line":59,"column":22},"end":{"line":59,"column":null}},"loc":{"start":{"line":62,"column":21},"end":{"line":71,"column":null}},"line":62},"2":{"name":"logout","decl":{"start":{"line":80,"column":22},"end":{"line":80,"column":29}},"loc":{"start":{"line":80,"column":92},"end":{"line":88,"column":null}},"line":80},"3":{"name":"getUser","decl":{"start":{"line":96,"column":22},"end":{"line":96,"column":30}},"loc":{"start":{"line":96,"column":48},"end":{"line":107,"column":null}},"line":96}},"branchMap":{"0":{"loc":{"start":{"line":20,"column":0},"end":{"line":25,"column":null}},"type":"if","locations":[{"start":{"line":20,"column":0},"end":{"line":25,"column":null}},{"start":{},"end":{}}],"line":20},"1":{"loc":{"start":{"line":49,"column":11},"end":{"line":49,"column":null}},"type":"binary-expr","locations":[{"start":{"line":49,"column":11},"end":{"line":49,"column":21}},{"start":{"line":49,"column":21},"end":{"line":49,"column":null}}],"line":49},"2":{"loc":{"start":{"line":80,"column":47},"end":{"line":80,"column":92}},"type":"default-arg","locations":[{"start":{"line":80,"column":68},"end":{"line":80,"column":92}}],"line":80},"3":{"loc":{"start":{"line":98,"column":4},"end":{"line":98,"column":null}},"type":"if","locations":[{"start":{"line":98,"column":4},"end":{"line":98,"column":null}},{"start":{},"end":{}}],"line":98},"4":{"loc":{"start":{"line":104,"column":4},"end":{"line":104,"column":null}},"type":"if","locations":[{"start":{"line":104,"column":4},"end":{"line":104,"column":null}},{"start":{},"end":{}}],"line":104}},"s":{"0":3,"1":3,"2":0,"3":3,"4":2,"5":2,"6":2,"7":1,"8":1,"9":1,"10":1,"11":1,"12":0,"13":0,"14":0,"15":0,"16":0,"17":0,"18":0,"19":0,"20":0},"f":{"0":2,"1":1,"2":1,"3":0},"b":{"0":[0,3],"1":[2,1],"2":[1],"3":[0,0],"4":[0,0]},"meta":{"lastBranch":5,"lastFunction":4,"lastStatement":21,"seen":{"s:18:22:18:Infinity":0,"b:20:0:25:Infinity:undefined:undefined:undefined:undefined":0,"s:20:0:25:Infinity":1,"s:21:4:24:Infinity":2,"s:28:50:38:Infinity":3,"f:46:22:46:32":0,"s:47:20:47:Infinity":4,"s:48:19:48:Infinity":5,"s:49:4:49:Infinity":6,"b:49:11:49:21:49:21:49:Infinity":1,"f:59:22:59:Infinity":1,"s:63:20:63:Infinity":7,"s:64:4:64:Infinity":8,"s:66:4:70:Infinity":9,"f:80:22:80:29":2,"b:80:68:80:92":2,"s:81:20:81:Infinity":10,"s:83:4:87:Infinity":11,"f:96:22:96:30":3,"s:97:19:97:Infinity":12,"b:98:4:98:Infinity:undefined:undefined:undefined:undefined":3,"s:98:4:98:Infinity":13,"s:98:17:98:Infinity":14,"s:100:28:100:Infinity":15,"s:101:30:101:Infinity":16,"s:103:17:103:Infinity":17,"b:104:4:104:Infinity:undefined:undefined:undefined:undefined":4,"s:104:4:104:Infinity":18,"s:104:15:104:Infinity":19,"s:106:4:106:Infinity":20}}}
,"/Users/meowiu/wellness-tracker/app/routes/admin.quizzes.tsx": {"path":"/Users/meowiu/wellness-tracker/app/routes/admin.quizzes.tsx","statementMap":{"0":{"start":{"line":25,"column":20},"end":{"line":25,"column":null}},"1":{"start":{"line":26,"column":23},"end":{"line":29,"column":null}},"2":{"start":{"line":31,"column":41},"end":{"line":39,"column":null}},"3":{"start":{"line":31,"column":65},"end":{"line":39,"column":6}},"4":{"start":{"line":41,"column":4},"end":{"line":41,"column":null}},"5":{"start":{"line":46,"column":4},"end":{"line":46,"column":null}},"6":{"start":{"line":48,"column":21},"end":{"line":48,"column":null}},"7":{"start":{"line":49,"column":19},"end":{"line":49,"column":null}},"8":{"start":{"line":50,"column":19},"end":{"line":50,"column":null}},"9":{"start":{"line":52,"column":4},"end":{"line":56,"column":null}},"10":{"start":{"line":53,"column":24},"end":{"line":53,"column":null}},"11":{"start":{"line":54,"column":8},"end":{"line":54,"column":null}},"12":{"start":{"line":55,"column":8},"end":{"line":55,"column":null}},"13":{"start":{"line":58,"column":4},"end":{"line":74,"column":null}},"14":{"start":{"line":59,"column":24},"end":{"line":59,"column":null}},"15":{"start":{"line":60,"column":21},"end":{"line":60,"column":null}},"16":{"start":{"line":62,"column":8},"end":{"line":72,"column":null}},"17":{"start":{"line":63,"column":12},"end":{"line":71,"column":null}},"18":{"start":{"line":73,"column":8},"end":{"line":73,"column":null}},"19":{"start":{"line":76,"column":4},"end":{"line":105,"column":null}},"20":{"start":{"line":77,"column":26},"end":{"line":77,"column":null}},"21":{"start":{"line":78,"column":8},"end":{"line":78,"column":null}},"22":{"start":{"line":78,"column":35},"end":{"line":78,"column":null}},"23":{"start":{"line":80,"column":34},"end":{"line":80,"column":null}},"24":{"start":{"line":81,"column":27},"end":{"line":81,"column":null}},"25":{"start":{"line":83,"column":29},"end":{"line":83,"column":null}},"26":{"start":{"line":83,"column":55},"end":{"line":83,"column":91}},"27":{"start":{"line":84,"column":8},"end":{"line":84,"column":null}},"28":{"start":{"line":84,"column":33},"end":{"line":84,"column":null}},"29":{"start":{"line":86,"column":28},"end":{"line":86,"column":null}},"30":{"start":{"line":88,"column":8},"end":{"line":102,"column":null}},"31":{"start":{"line":90,"column":25},"end":{"line":90,"column":null}},"32":{"start":{"line":91,"column":12},"end":{"line":91,"column":null}},"33":{"start":{"line":92,"column":12},"end":{"line":92,"column":null}},"34":{"start":{"line":96,"column":12},"end":{"line":101,"column":null}},"35":{"start":{"line":97,"column":16},"end":{"line":100,"column":null}},"36":{"start":{"line":104,"column":8},"end":{"line":104,"column":null}},"37":{"start":{"line":107,"column":4},"end":{"line":107,"column":null}},"38":{"start":{"line":111,"column":4},"end":{"line":113,"column":null}},"39":{"start":{"line":117,"column":24},"end":{"line":117,"column":null}},"40":{"start":{"line":119,"column":4},"end":{"line":253,"column":null}},"41":{"start":{"line":148,"column":24},"end":{"line":249,"column":null}},"42":{"start":{"line":239,"column":48},"end":{"line":241,"column":null}},"43":{"start":{"line":240,"column":52},"end":{"line":240,"column":null}}},"fnMap":{"0":{"name":"loader","decl":{"start":{"line":24,"column":22},"end":{"line":24,"column":29}},"loc":{"start":{"line":24,"column":52},"end":{"line":42,"column":null}},"line":24},"1":{"name":"(anonymous_1)","decl":{"start":{"line":31,"column":56},"end":{"line":31,"column":65}},"loc":{"start":{"line":31,"column":65},"end":{"line":39,"column":6}},"line":31},"2":{"name":"action","decl":{"start":{"line":44,"column":22},"end":{"line":44,"column":29}},"loc":{"start":{"line":44,"column":60},"end":{"line":108,"column":null}},"line":44},"3":{"name":"(anonymous_3)","decl":{"start":{"line":83,"column":50},"end":{"line":83,"column":55}},"loc":{"start":{"line":83,"column":55},"end":{"line":83,"column":91}},"line":83},"4":{"name":"(anonymous_4)","decl":{"start":{"line":96,"column":45},"end":{"line":96,"column":46}},"loc":{"start":{"line":97,"column":16},"end":{"line":100,"column":null}},"line":97},"5":{"name":"meta","decl":{"start":{"line":110,"column":16},"end":{"line":110,"column":21}},"loc":{"start":{"line":110,"column":42},"end":{"line":114,"column":null}},"line":110},"6":{"name":"AdminQuizzes","decl":{"start":{"line":116,"column":24},"end":{"line":116,"column":37}},"loc":{"start":{"line":116,"column":75},"end":{"line":255,"column":null}},"line":116},"7":{"name":"(anonymous_7)","decl":{"start":{"line":147,"column":33},"end":{"line":147,"column":34}},"loc":{"start":{"line":148,"column":24},"end":{"line":249,"column":null}},"line":148},"8":{"name":"(anonymous_8)","decl":{"start":{"line":238,"column":53},"end":{"line":238,"column":54}},"loc":{"start":{"line":238,"column":60},"end":{"line":242,"column":null}},"line":238}},"branchMap":{"0":{"loc":{"start":{"line":52,"column":4},"end":{"line":56,"column":null}},"type":"if","locations":[{"start":{"line":52,"column":4},"end":{"line":56,"column":null}},{"start":{},"end":{}}],"line":52},"1":{"loc":{"start":{"line":52,"column":8},"end":{"line":52,"column":39}},"type":"binary-expr","locations":[{"start":{"line":52,"column":8},"end":{"line":52,"column":31}},{"start":{"line":52,"column":31},"end":{"line":52,"column":39}}],"line":52},"2":{"loc":{"start":{"line":58,"column":4},"end":{"line":74,"column":null}},"type":"if","locations":[{"start":{"line":58,"column":4},"end":{"line":74,"column":null}},{"start":{},"end":{}}],"line":58},"3":{"loc":{"start":{"line":58,"column":8},"end":{"line":58,"column":47}},"type":"binary-expr","locations":[{"start":{"line":58,"column":8},"end":{"line":58,"column":39}},{"start":{"line":58,"column":39},"end":{"line":58,"column":47}}],"line":58},"4":{"loc":{"start":{"line":62,"column":8},"end":{"line":72,"column":null}},"type":"if","locations":[{"start":{"line":62,"column":8},"end":{"line":72,"column":null}},{"start":{},"end":{}}],"line":62},"5":{"loc":{"start":{"line":76,"column":4},"end":{"line":105,"column":null}},"type":"if","locations":[{"start":{"line":76,"column":4},"end":{"line":105,"column":null}},{"start":{},"end":{}}],"line":76},"6":{"loc":{"start":{"line":78,"column":8},"end":{"line":78,"column":null}},"type":"if","locations":[{"start":{"line":78,"column":8},"end":{"line":78,"column":null}},{"start":{},"end":{}}],"line":78},"7":{"loc":{"start":{"line":78,"column":12},"end":{"line":78,"column":35}},"type":"binary-expr","locations":[{"start":{"line":78,"column":12},"end":{"line":78,"column":23}},{"start":{"line":78,"column":23},"end":{"line":78,"column":35}}],"line":78},"8":{"loc":{"start":{"line":84,"column":8},"end":{"line":84,"column":null}},"type":"if","locations":[{"start":{"line":84,"column":8},"end":{"line":84,"column":null}},{"start":{},"end":{}}],"line":84},"9":{"loc":{"start":{"line":86,"column":28},"end":{"line":86,"column":null}},"type":"cond-expr","locations":[{"start":{"line":86,"column":49},"end":{"line":86,"column":68}},{"start":{"line":86,"column":68},"end":{"line":86,"column":null}}],"line":86},"10":{"loc":{"start":{"line":88,"column":8},"end":{"line":102,"column":null}},"type":"if","locations":[{"start":{"line":88,"column":8},"end":{"line":102,"column":null}},{"start":{},"end":{}}],"line":88},"11":{"loc":{"start":{"line":88,"column":12},"end":{"line":88,"column":65}},"type":"binary-expr","locations":[{"start":{"line":88,"column":12},"end":{"line":88,"column":32}},{"start":{"line":88,"column":32},"end":{"line":88,"column":65}}],"line":88},"12":{"loc":{"start":{"line":133,"column":13},"end":{"line":251,"column":null}},"type":"cond-expr","locations":[{"start":{"line":134,"column":16},"end":{"line":144,"column":null}},{"start":{"line":146,"column":16},"end":{"line":251,"column":null}}],"line":133},"13":{"loc":{"start":{"line":158,"column":41},"end":{"line":161,"column":null}},"type":"binary-expr","locations":[{"start":{"line":158,"column":41},"end":{"line":158,"column":null}},{"start":{"line":159,"column":44},"end":{"line":161,"column":null}}],"line":158},"14":{"loc":{"start":{"line":164,"column":103},"end":{"line":166,"column":null}},"type":"cond-expr","locations":[{"start":{"line":165,"column":50},"end":{"line":165,"column":null}},{"start":{"line":166,"column":50},"end":{"line":166,"column":null}}],"line":164},"15":{"loc":{"start":{"line":169,"column":45},"end":{"line":169,"column":null}},"type":"cond-expr","locations":[{"start":{"line":169,"column":64},"end":{"line":169,"column":78}},{"start":{"line":169,"column":78},"end":{"line":169,"column":null}}],"line":169},"16":{"loc":{"start":{"line":176,"column":65},"end":{"line":176,"column":null}},"type":"cond-expr","locations":[{"start":{"line":176,"column":95},"end":{"line":176,"column":108}},{"start":{"line":176,"column":108},"end":{"line":176,"column":null}}],"line":176},"17":{"loc":{"start":{"line":224,"column":55},"end":{"line":224,"column":null}},"type":"cond-expr","locations":[{"start":{"line":224,"column":74},"end":{"line":224,"column":122}},{"start":{"line":224,"column":122},"end":{"line":224,"column":null}}],"line":224},"18":{"loc":{"start":{"line":226,"column":45},"end":{"line":226,"column":null}},"type":"cond-expr","locations":[{"start":{"line":226,"column":64},"end":{"line":226,"column":78}},{"start":{"line":226,"column":78},"end":{"line":226,"column":null}}],"line":226},"19":{"loc":{"start":{"line":239,"column":48},"end":{"line":241,"column":null}},"type":"if","locations":[{"start":{"line":239,"column":48},"end":{"line":241,"column":null}},{"start":{},"end":{}}],"line":239}},"s":{"0":0,"1":0,"2":0,"3":0,"4":0,"5":0,"6":0,"7":0,"8":0,"9":0,"10":0,"11":0,"12":0,"13":0,"14":0,"15":0,"16":0,"17":0,"18":0,"19":0,"20":0,"21":0,"22":0,"23":0,"24":0,"25":0,"26":0,"27":0,"28":0,"29":0,"30":0,"31":0,"32":0,"33":0,"34":0,"35":0,"36":0,"37":0,"38":0,"39":2,"40":2,"41":2,"42":0,"43":0},"f":{"0":0,"1":0,"2":0,"3":0,"4":0,"5":0,"6":2,"7":2,"8":0},"b":{"0":[0,0],"1":[0,0],"2":[0,0],"3":[0,0],"4":[0,0],"5":[0,0],"6":[0,0],"7":[0,0],"8":[0,0],"9":[0,0],"10":[0,0],"11":[0,0],"12":[1,1],"13":[2,0],"14":[1,1],"15":[1,1],"16":[0,2],"17":[1,1],"18":[1,1],"19":[0,0]},"meta":{"lastBranch":20,"lastFunction":9,"lastStatement":44,"seen":{"f:24:22:24:29":0,"s:25:20:25:Infinity":0,"s:26:23:29:Infinity":1,"s:31:41:39:Infinity":2,"f:31:56:31:65":1,"s:31:65:39:6":3,"s:41:4:41:Infinity":4,"f:44:22:44:29":2,"s:46:4:46:Infinity":5,"s:48:21:48:Infinity":6,"s:49:19:49:Infinity":7,"s:50:19:50:Infinity":8,"b:52:4:56:Infinity:undefined:undefined:undefined:undefined":0,"s:52:4:56:Infinity":9,"b:52:8:52:31:52:31:52:39":1,"s:53:24:53:Infinity":10,"s:54:8:54:Infinity":11,"s:55:8:55:Infinity":12,"b:58:4:74:Infinity:undefined:undefined:undefined:undefined":2,"s:58:4:74:Infinity":13,"b:58:8:58:39:58:39:58:47":3,"s:59:24:59:Infinity":14,"s:60:21:60:Infinity":15,"b:62:8:72:Infinity:undefined:undefined:undefined:undefined":4,"s:62:8:72:Infinity":16,"s:63:12:71:Infinity":17,"s:73:8:73:Infinity":18,"b:76:4:105:Infinity:undefined:undefined:undefined:undefined":5,"s:76:4:105:Infinity":19,"s:77:26:77:Infinity":20,"b:78:8:78:Infinity:undefined:undefined:undefined:undefined":6,"s:78:8:78:Infinity":21,"b:78:12:78:23:78:23:78:35":7,"s:78:35:78:Infinity":22,"s:80:34:80:Infinity":23,"s:81:27:81:Infinity":24,"s:83:29:83:Infinity":25,"f:83:50:83:55":3,"s:83:55:83:91":26,"b:84:8:84:Infinity:undefined:undefined:undefined:undefined":8,"s:84:8:84:Infinity":27,"s:84:33:84:Infinity":28,"s:86:28:86:Infinity":29,"b:86:49:86:68:86:68:86:Infinity":9,"b:88:8:102:Infinity:undefined:undefined:undefined:undefined":10,"s:88:8:102:Infinity":30,"b:88:12:88:32:88:32:88:65":11,"s:90:25:90:Infinity":31,"s:91:12:91:Infinity":32,"s:92:12:92:Infinity":33,"s:96:12:101:Infinity":34,"f:96:45:96:46":4,"s:97:16:100:Infinity":35,"s:104:8:104:Infinity":36,"s:107:4:107:Infinity":37,"f:110:16:110:21":5,"s:111:4:113:Infinity":38,"f:116:24:116:37":6,"s:117:24:117:Infinity":39,"s:119:4:253:Infinity":40,"b:134:16:144:Infinity:146:16:251:Infinity":12,"f:147:33:147:34":7,"s:148:24:249:Infinity":41,"b:158:41:158:Infinity:159:44:161:Infinity":13,"b:165:50:165:Infinity:166:50:166:Infinity":14,"b:169:64:169:78:169:78:169:Infinity":15,"b:176:95:176:108:176:108:176:Infinity":16,"b:224:74:224:122:224:122:224:Infinity":17,"b:226:64:226:78:226:78:226:Infinity":18,"f:238:53:238:54":8,"b:239:48:241:Infinity:undefined:undefined:undefined:undefined":19,"s:239:48:241:Infinity":42,"s:240:52:240:Infinity":43}}}
,"/Users/meowiu/wellness-tracker/app/routes/auth.login.tsx": {"path":"/Users/meowiu/wellness-tracker/app/routes/auth.login.tsx","statementMap":{"0":{"start":{"line":22,"column":19},"end":{"line":22,"column":null}},"1":{"start":{"line":23,"column":4},"end":{"line":25,"column":null}},"2":{"start":{"line":24,"column":8},"end":{"line":24,"column":null}},"3":{"start":{"line":28,"column":16},"end":{"line":28,"column":null}},"4":{"start":{"line":29,"column":23},"end":{"line":29,"column":null}},"5":{"start":{"line":31,"column":4},"end":{"line":31,"column":null}},"6":{"start":{"line":35,"column":21},"end":{"line":35,"column":null}},"7":{"start":{"line":36,"column":18},"end":{"line":36,"column":null}},"8":{"start":{"line":37,"column":21},"end":{"line":37,"column":null}},"9":{"start":{"line":38,"column":23},"end":{"line":38,"column":null}},"10":{"start":{"line":41,"column":73},"end":{"line":41,"column":null}},"11":{"start":{"line":43,"column":4},"end":{"line":45,"column":null}},"12":{"start":{"line":44,"column":8},"end":{"line":44,"column":null}},"13":{"start":{"line":47,"column":4},"end":{"line":49,"column":null}},"14":{"start":{"line":48,"column":8},"end":{"line":48,"column":null}},"15":{"start":{"line":51,"column":4},"end":{"line":53,"column":null}},"16":{"start":{"line":52,"column":8},"end":{"line":52,"column":null}},"17":{"start":{"line":56,"column":17},"end":{"line":56,"column":null}},"18":{"start":{"line":58,"column":4},"end":{"line":64,"column":null}},"19":{"start":{"line":59,"column":8},"end":{"line":63,"column":null}},"20":{"start":{"line":67,"column":4},"end":{"line":67,"column":null}},"21":{"start":{"line":71,"column":4},"end":{"line":73,"column":null}},"22":{"start":{"line":77,"column":10},"end":{"line":77,"column":null}},"23":{"start":{"line":78,"column":25},"end":{"line":78,"column":null}},"24":{"start":{"line":80,"column":4},"end":{"line":183,"column":null}}},"fnMap":{"0":{"name":"loader","decl":{"start":{"line":20,"column":22},"end":{"line":20,"column":29}},"loc":{"start":{"line":20,"column":60},"end":{"line":32,"column":null}},"line":20},"1":{"name":"action","decl":{"start":{"line":34,"column":22},"end":{"line":34,"column":29}},"loc":{"start":{"line":34,"column":60},"end":{"line":68,"column":null}},"line":34},"2":{"name":"meta","decl":{"start":{"line":70,"column":16},"end":{"line":70,"column":21}},"loc":{"start":{"line":70,"column":42},"end":{"line":74,"column":null}},"line":70},"3":{"name":"Login","decl":{"start":{"line":76,"column":24},"end":{"line":76,"column":30}},"loc":{"start":{"line":76,"column":80},"end":{"line":185,"column":null}},"line":76}},"branchMap":{"0":{"loc":{"start":{"line":23,"column":4},"end":{"line":25,"column":null}},"type":"if","locations":[{"start":{"line":23,"column":4},"end":{"line":25,"column":null}},{"start":{},"end":{}}],"line":23},"1":{"loc":{"start":{"line":29,"column":23},"end":{"line":29,"column":null}},"type":"binary-expr","locations":[{"start":{"line":29,"column":23},"end":{"line":29,"column":61}},{"start":{"line":29,"column":61},"end":{"line":29,"column":null}}],"line":29},"2":{"loc":{"start":{"line":38,"column":30},"end":{"line":38,"column":63}},"type":"binary-expr","locations":[{"start":{"line":38,"column":30},"end":{"line":38,"column":60}},{"start":{"line":38,"column":60},"end":{"line":38,"column":63}}],"line":38},"3":{"loc":{"start":{"line":43,"column":4},"end":{"line":45,"column":null}},"type":"if","locations":[{"start":{"line":43,"column":4},"end":{"line":45,"column":null}},{"start":{},"end":{}}],"line":43},"4":{"loc":{"start":{"line":43,"column":8},"end":{"line":43,"column":40}},"type":"binary-expr","locations":[{"start":{"line":43,"column":8},"end":{"line":43,"column":18}},{"start":{"line":43,"column":18},"end":{"line":43,"column":40}}],"line":43},"5":{"loc":{"start":{"line":47,"column":4},"end":{"line":49,"column":null}},"type":"if","locations":[{"start":{"line":47,"column":4},"end":{"line":49,"column":null}},{"start":{},"end":{}}],"line":47},"6":{"loc":{"start":{"line":47,"column":8},"end":{"line":47,"column":42}},"type":"binary-expr","locations":[{"start":{"line":47,"column":8},"end":{"line":47,"column":21}},{"start":{"line":47,"column":21},"end":{"line":47,"column":42}}],"line":47},"7":{"loc":{"start":{"line":51,"column":4},"end":{"line":53,"column":null}},"type":"if","locations":[{"start":{"line":51,"column":4},"end":{"line":53,"column":null}},{"start":{},"end":{}}],"line":51},"8":{"loc":{"start":{"line":58,"column":4},"end":{"line":64,"column":null}},"type":"if","locations":[{"start":{"line":58,"column":4},"end":{"line":64,"column":null}},{"start":{},"end":{}}],"line":58},"9":{"loc":{"start":{"line":100,"column":25},"end":{"line":105,"column":null}},"type":"binary-expr","locations":[{"start":{"line":100,"column":25},"end":{"line":100,"column":null}},{"start":{"line":101,"column":28},"end":{"line":105,"column":null}}],"line":100},"10":{"loc":{"start":{"line":124,"column":29},"end":{"line":127,"column":null}},"type":"binary-expr","locations":[{"start":{"line":124,"column":29},"end":{"line":124,"column":null}},{"start":{"line":125,"column":32},"end":{"line":127,"column":null}}],"line":124},"11":{"loc":{"start":{"line":147,"column":29},"end":{"line":150,"column":null}},"type":"binary-expr","locations":[{"start":{"line":147,"column":29},"end":{"line":147,"column":null}},{"start":{"line":148,"column":32},"end":{"line":150,"column":null}}],"line":147},"12":{"loc":{"start":{"line":160,"column":29},"end":{"line":160,"column":null}},"type":"cond-expr","locations":[{"start":{"line":160,"column":44},"end":{"line":160,"column":62}},{"start":{"line":160,"column":62},"end":{"line":160,"column":null}}],"line":160}},"s":{"0":0,"1":0,"2":0,"3":0,"4":0,"5":0,"6":0,"7":0,"8":0,"9":0,"10":0,"11":0,"12":0,"13":0,"14":0,"15":0,"16":0,"17":0,"18":0,"19":0,"20":0,"21":0,"22":2,"23":2,"24":2},"f":{"0":0,"1":0,"2":0,"3":2},"b":{"0":[0,0],"1":[0,0],"2":[0,0],"3":[0,0],"4":[0,0],"5":[0,0],"6":[0,0],"7":[0,0],"8":[0,0],"9":[2,1],"10":[2,0],"11":[2,0],"12":[0,2]},"meta":{"lastBranch":13,"lastFunction":4,"lastStatement":25,"seen":{"f:20:22:20:29":0,"s:22:19:22:Infinity":0,"b:23:4:25:Infinity:undefined:undefined:undefined:undefined":0,"s:23:4:25:Infinity":1,"s:24:8:24:Infinity":2,"s:28:16:28:Infinity":3,"s:29:23:29:Infinity":4,"b:29:23:29:61:29:61:29:Infinity":1,"s:31:4:31:Infinity":5,"f:34:22:34:29":1,"s:35:21:35:Infinity":6,"s:36:18:36:Infinity":7,"s:37:21:37:Infinity":8,"s:38:23:38:Infinity":9,"b:38:30:38:60:38:60:38:63":2,"s:41:73:41:Infinity":10,"b:43:4:45:Infinity:undefined:undefined:undefined:undefined":3,"s:43:4:45:Infinity":11,"b:43:8:43:18:43:18:43:40":4,"s:44:8:44:Infinity":12,"b:47:4:49:Infinity:undefined:undefined:undefined:undefined":5,"s:47:4:49:Infinity":13,"b:47:8:47:21:47:21:47:42":6,"s:48:8:48:Infinity":14,"b:51:4:53:Infinity:undefined:undefined:undefined:undefined":7,"s:51:4:53:Infinity":15,"s:52:8:52:Infinity":16,"s:56:17:56:Infinity":17,"b:58:4:64:Infinity:undefined:undefined:undefined:undefined":8,"s:58:4:64:Infinity":18,"s:59:8:63:Infinity":19,"s:67:4:67:Infinity":20,"f:70:16:70:21":2,"s:71:4:73:Infinity":21,"f:76:24:76:30":3,"s:77:10:77:Infinity":22,"s:78:25:78:Infinity":23,"s:80:4:183:Infinity":24,"b:100:25:100:Infinity:101:28:105:Infinity":9,"b:124:29:124:Infinity:125:32:127:Infinity":10,"b:147:29:147:Infinity:148:32:150:Infinity":11,"b:160:44:160:62:160:62:160:Infinity":12}}}
,"/Users/meowiu/wellness-tracker/app/routes/auth.logout.tsx": {"path":"/Users/meowiu/wellness-tracker/app/routes/auth.logout.tsx","statementMap":{"0":{"start":{"line":15,"column":4},"end":{"line":15,"column":null}},"1":{"start":{"line":20,"column":4},"end":{"line":20,"column":null}}},"fnMap":{"0":{"name":"action","decl":{"start":{"line":14,"column":22},"end":{"line":14,"column":29}},"loc":{"start":{"line":14,"column":60},"end":{"line":16,"column":null}},"line":14},"1":{"name":"loader","decl":{"start":{"line":18,"column":22},"end":{"line":18,"column":29}},"loc":{"start":{"line":18,"column":60},"end":{"line":21,"column":null}},"line":18}},"branchMap":{},"s":{"0":1,"1":0},"f":{"0":1,"1":0},"b":{},"meta":{"lastBranch":0,"lastFunction":2,"lastStatement":2,"seen":{"f:14:22:14:29":0,"s:15:4:15:Infinity":0,"f:18:22:18:29":1,"s:20:4:20:Infinity":1}}}
,"/Users/meowiu/wellness-tracker/app/routes/auth.register.tsx": {"path":"/Users/meowiu/wellness-tracker/app/routes/auth.register.tsx","statementMap":{"0":{"start":{"line":21,"column":19},"end":{"line":21,"column":null}},"1":{"start":{"line":22,"column":4},"end":{"line":24,"column":null}},"2":{"start":{"line":23,"column":8},"end":{"line":23,"column":null}},"3":{"start":{"line":26,"column":4},"end":{"line":26,"column":null}},"4":{"start":{"line":30,"column":21},"end":{"line":30,"column":null}},"5":{"start":{"line":31,"column":18},"end":{"line":31,"column":null}},"6":{"start":{"line":32,"column":21},"end":{"line":32,"column":null}},"7":{"start":{"line":33,"column":28},"end":{"line":33,"column":null}},"8":{"start":{"line":41,"column":8},"end":{"line":41,"column":null}},"9":{"start":{"line":43,"column":4},"end":{"line":45,"column":null}},"10":{"start":{"line":44,"column":8},"end":{"line":44,"column":null}},"11":{"start":{"line":47,"column":4},"end":{"line":49,"column":null}},"12":{"start":{"line":48,"column":8},"end":{"line":48,"column":null}},"13":{"start":{"line":51,"column":4},"end":{"line":53,"column":null}},"14":{"start":{"line":52,"column":8},"end":{"line":52,"column":null}},"15":{"start":{"line":55,"column":4},"end":{"line":57,"column":null}},"16":{"start":{"line":56,"column":8},"end":{"line":56,"column":null}},"17":{"start":{"line":60,"column":4},"end":{"line":71,"column":null}},"18":{"start":{"line":61,"column":21},"end":{"line":61,"column":null}},"19":{"start":{"line":64,"column":8},"end":{"line":64,"column":null}},"20":{"start":{"line":66,"column":8},"end":{"line":70,"column":null}},"21":{"start":{"line":75,"column":4},"end":{"line":77,"column":null}},"22":{"start":{"line":81,"column":10},"end":{"line":81,"column":null}},"23":{"start":{"line":82,"column":25},"end":{"line":82,"column":null}},"24":{"start":{"line":84,"column":4},"end":{"line":204,"column":null}}},"fnMap":{"0":{"name":"loader","decl":{"start":{"line":19,"column":22},"end":{"line":19,"column":29}},"loc":{"start":{"line":19,"column":60},"end":{"line":27,"column":null}},"line":19},"1":{"name":"action","decl":{"start":{"line":29,"column":22},"end":{"line":29,"column":29}},"loc":{"start":{"line":29,"column":60},"end":{"line":72,"column":null}},"line":29},"2":{"name":"meta","decl":{"start":{"line":74,"column":16},"end":{"line":74,"column":21}},"loc":{"start":{"line":74,"column":42},"end":{"line":78,"column":null}},"line":74},"3":{"name":"Register","decl":{"start":{"line":80,"column":24},"end":{"line":80,"column":33}},"loc":{"start":{"line":80,"column":71},"end":{"line":206,"column":null}},"line":80}},"branchMap":{"0":{"loc":{"start":{"line":22,"column":4},"end":{"line":24,"column":null}},"type":"if","locations":[{"start":{"line":22,"column":4},"end":{"line":24,"column":null}},{"start":{},"end":{}}],"line":22},"1":{"loc":{"start":{"line":43,"column":4},"end":{"line":45,"column":null}},"type":"if","locations":[{"start":{"line":43,"column":4},"end":{"line":45,"column":null}},{"start":{},"end":{}}],"line":43},"2":{"loc":{"start":{"line":43,"column":8},"end":{"line":43,"column":40}},"type":"binary-expr","locations":[{"start":{"line":43,"column":8},"end":{"line":43,"column":18}},{"start":{"line":43,"column":18},"end":{"line":43,"column":40}}],"line":43},"3":{"loc":{"start":{"line":47,"column":4},"end":{"line":49,"column":null}},"type":"if","locations":[{"start":{"line":47,"column":4},"end":{"line":49,"column":null}},{"start":{},"end":{}}],"line":47},"4":{"loc":{"start":{"line":47,"column":8},"end":{"line":47,"column":42}},"type":"binary-expr","locations":[{"start":{"line":47,"column":8},"end":{"line":47,"column":21}},{"start":{"line":47,"column":21},"end":{"line":47,"column":42}}],"line":47},"5":{"loc":{"start":{"line":51,"column":4},"end":{"line":53,"column":null}},"type":"if","locations":[{"start":{"line":51,"column":4},"end":{"line":53,"column":null}},{"start":{},"end":{}}],"line":51},"6":{"loc":{"start":{"line":55,"column":4},"end":{"line":57,"column":null}},"type":"if","locations":[{"start":{"line":55,"column":4},"end":{"line":57,"column":null}},{"start":{},"end":{}}],"line":55},"7":{"loc":{"start":{"line":68,"column":22},"end":{"line":68,"column":null}},"type":"cond-expr","locations":[{"start":{"line":68,"column":47},"end":{"line":68,"column":63}},{"start":{"line":68,"column":63},"end":{"line":68,"column":null}}],"line":68},"8":{"loc":{"start":{"line":98,"column":25},"end":{"line":103,"column":null}},"type":"binary-expr","locations":[{"start":{"line":98,"column":25},"end":{"line":98,"column":null}},{"start":{"line":99,"column":28},"end":{"line":103,"column":null}}],"line":98},"9":{"loc":{"start":{"line":122,"column":29},"end":{"line":125,"column":null}},"type":"binary-expr","locations":[{"start":{"line":122,"column":29},"end":{"line":122,"column":null}},{"start":{"line":123,"column":32},"end":{"line":125,"column":null}}],"line":122},"10":{"loc":{"start":{"line":145,"column":29},"end":{"line":148,"column":null}},"type":"binary-expr","locations":[{"start":{"line":145,"column":29},"end":{"line":145,"column":null}},{"start":{"line":146,"column":32},"end":{"line":148,"column":null}}],"line":145},"11":{"loc":{"start":{"line":168,"column":29},"end":{"line":171,"column":null}},"type":"binary-expr","locations":[{"start":{"line":168,"column":29},"end":{"line":168,"column":null}},{"start":{"line":169,"column":32},"end":{"line":171,"column":null}}],"line":168},"12":{"loc":{"start":{"line":181,"column":29},"end":{"line":181,"column":null}},"type":"cond-expr","locations":[{"start":{"line":181,"column":44},"end":{"line":181,"column":68}},{"start":{"line":181,"column":68},"end":{"line":181,"column":null}}],"line":181}},"s":{"0":0,"1":0,"2":0,"3":0,"4":0,"5":0,"6":0,"7":0,"8":0,"9":0,"10":0,"11":0,"12":0,"13":0,"14":0,"15":0,"16":0,"17":0,"18":0,"19":0,"20":0,"21":0,"22":2,"23":2,"24":2},"f":{"0":0,"1":0,"2":0,"3":2},"b":{"0":[0,0],"1":[0,0],"2":[0,0],"3":[0,0],"4":[0,0],"5":[0,0],"6":[0,0],"7":[0,0],"8":[2,0],"9":[2,1],"10":[2,1],"11":[2,0],"12":[0,2]},"meta":{"lastBranch":13,"lastFunction":4,"lastStatement":25,"seen":{"f:19:22:19:29":0,"s:21:19:21:Infinity":0,"b:22:4:24:Infinity:undefined:undefined:undefined:undefined":0,"s:22:4:24:Infinity":1,"s:23:8:23:Infinity":2,"s:26:4:26:Infinity":3,"f:29:22:29:29":1,"s:30:21:30:Infinity":4,"s:31:18:31:Infinity":5,"s:32:21:32:Infinity":6,"s:33:28:33:Infinity":7,"s:41:8:41:Infinity":8,"b:43:4:45:Infinity:undefined:undefined:undefined:undefined":1,"s:43:4:45:Infinity":9,"b:43:8:43:18:43:18:43:40":2,"s:44:8:44:Infinity":10,"b:47:4:49:Infinity:undefined:undefined:undefined:undefined":3,"s:47:4:49:Infinity":11,"b:47:8:47:21:47:21:47:42":4,"s:48:8:48:Infinity":12,"b:51:4:53:Infinity:undefined:undefined:undefined:undefined":5,"s:51:4:53:Infinity":13,"s:52:8:52:Infinity":14,"b:55:4:57:Infinity:undefined:undefined:undefined:undefined":6,"s:55:4:57:Infinity":15,"s:56:8:56:Infinity":16,"s:60:4:71:Infinity":17,"s:61:21:61:Infinity":18,"s:64:8:64:Infinity":19,"s:66:8:70:Infinity":20,"b:68:47:68:63:68:63:68:Infinity":7,"f:74:16:74:21":2,"s:75:4:77:Infinity":21,"f:80:24:80:33":3,"s:81:10:81:Infinity":22,"s:82:25:82:Infinity":23,"s:84:4:204:Infinity":24,"b:98:25:98:Infinity:99:28:103:Infinity":8,"b:122:29:122:Infinity:123:32:125:Infinity":9,"b:145:29:145:Infinity:146:32:148:Infinity":10,"b:168:29:168:Infinity:169:32:171:Infinity":11,"b:181:44:181:68:181:68:181:Infinity":12}}}
,"/Users/meowiu/wellness-tracker/app/routes/progress.tsx": {"path":"/Users/meowiu/wellness-tracker/app/routes/progress.tsx","statementMap":{"0":{"start":{"line":42,"column":17},"end":{"line":42,"column":null}},"1":{"start":{"line":45,"column":20},"end":{"line":45,"column":null}},"2":{"start":{"line":46,"column":24},"end":{"line":49,"column":null}},"3":{"start":{"line":52,"column":20},"end":{"line":52,"column":null}},"4":{"start":{"line":53,"column":24},"end":{"line":53,"column":null}},"5":{"start":{"line":55,"column":4},"end":{"line":78,"column":null}},"6":{"start":{"line":56,"column":23},"end":{"line":56,"column":null}},"7":{"start":{"line":58,"column":8},"end":{"line":73,"column":null}},"8":{"start":{"line":59,"column":25},"end":{"line":59,"column":null}},"9":{"start":{"line":60,"column":12},"end":{"line":72,"column":null}},"10":{"start":{"line":75,"column":25},"end":{"line":75,"column":null}},"11":{"start":{"line":76,"column":8},"end":{"line":76,"column":null}},"12":{"start":{"line":77,"column":8},"end":{"line":77,"column":null}},"13":{"start":{"line":81,"column":43},"end":{"line":81,"column":null}},"14":{"start":{"line":82,"column":4},"end":{"line":88,"column":null}},"15":{"start":{"line":83,"column":14},"end":{"line":83,"column":null}},"16":{"start":{"line":83,"column":86},"end":{"line":83,"column":97}},"17":{"start":{"line":84,"column":8},"end":{"line":87,"column":null}},"18":{"start":{"line":91,"column":4},"end":{"line":95,"column":null}},"19":{"start":{"line":92,"column":24},"end":{"line":92,"column":null}},"20":{"start":{"line":93,"column":24},"end":{"line":93,"column":null}},"21":{"start":{"line":94,"column":8},"end":{"line":94,"column":null}},"22":{"start":{"line":97,"column":4},"end":{"line":97,"column":null}},"23":{"start":{"line":101,"column":4},"end":{"line":104,"column":null}},"24":{"start":{"line":108,"column":4},"end":{"line":114,"column":null}},"25":{"start":{"line":109,"column":8},"end":{"line":112,"column":null}},"26":{"start":{"line":116,"column":4},"end":{"line":122,"column":null}},"27":{"start":{"line":117,"column":8},"end":{"line":120,"column":null}},"28":{"start":{"line":124,"column":4},"end":{"line":127,"column":null}},"29":{"start":{"line":132,"column":23},"end":{"line":132,"column":null}},"30":{"start":{"line":133,"column":26},"end":{"line":137,"column":null}},"31":{"start":{"line":139,"column":4},"end":{"line":187,"column":null}},"32":{"start":{"line":192,"column":31},"end":{"line":192,"column":null}},"33":{"start":{"line":194,"column":4},"end":{"line":256,"column":null}},"34":{"start":{"line":250,"column":32},"end":{"line":250,"column":null}}},"fnMap":{"0":{"name":"loader","decl":{"start":{"line":40,"column":22},"end":{"line":40,"column":29}},"loc":{"start":{"line":40,"column":60},"end":{"line":98,"column":null}},"line":40},"1":{"name":"(anonymous_1)","decl":{"start":{"line":83,"column":81},"end":{"line":83,"column":86}},"loc":{"start":{"line":83,"column":86},"end":{"line":83,"column":97}},"line":83},"2":{"name":"(anonymous_2)","decl":{"start":{"line":91,"column":24},"end":{"line":91,"column":25}},"loc":{"start":{"line":91,"column":34},"end":{"line":95,"column":5}},"line":91},"3":{"name":"meta","decl":{"start":{"line":100,"column":16},"end":{"line":100,"column":21}},"loc":{"start":{"line":100,"column":42},"end":{"line":105,"column":null}},"line":100},"4":{"name":"TrendIndicator","decl":{"start":{"line":107,"column":9},"end":{"line":107,"column":24}},"loc":{"start":{"line":107,"column":53},"end":{"line":129,"column":null}},"line":107},"5":{"name":"ProgressCard","decl":{"start":{"line":131,"column":9},"end":{"line":131,"column":22}},"loc":{"start":{"line":131,"column":64},"end":{"line":189,"column":null}},"line":131},"6":{"name":"Progress","decl":{"start":{"line":191,"column":24},"end":{"line":191,"column":33}},"loc":{"start":{"line":191,"column":71},"end":{"line":258,"column":null}},"line":191},"7":{"name":"(anonymous_7)","decl":{"start":{"line":249,"column":48},"end":{"line":249,"column":49}},"loc":{"start":{"line":250,"column":32},"end":{"line":250,"column":null}},"line":250}},"branchMap":{"0":{"loc":{"start":{"line":58,"column":8},"end":{"line":73,"column":null}},"type":"if","locations":[{"start":{"line":58,"column":8},"end":{"line":73,"column":null}},{"start":{},"end":{}}],"line":58},"1":{"loc":{"start":{"line":62,"column":27},"end":{"line":62,"column":null}},"type":"binary-expr","locations":[{"start":{"line":62,"column":27},"end":{"line":62,"column":42}},{"start":{"line":62,"column":42},"end":{"line":62,"column":null}}],"line":62},"2":{"loc":{"start":{"line":108,"column":4},"end":{"line":114,"column":null}},"type":"if","locations":[{"start":{"line":108,"column":4},"end":{"line":114,"column":null}},{"start":{},"end":{}}],"line":108},"3":{"loc":{"start":{"line":116,"colum
[...]
ne":83},"6":{"loc":{"start":{"line":83,"column":8},"end":{"line":83,"column":57}},"type":"binary-expr","locations":[{"start":{"line":83,"column":8},"end":{"line":83,"column":28}},{"start":{"line":83,"column":28},"end":{"line":83,"column":57}}],"line":83},"7":{"loc":{"start":{"line":86,"column":17},"end":{"line":86,"column":null}},"type":"binary-expr","locations":[{"start":{"line":86,"column":17},"end":{"line":86,"column":42}},{"start":{"line":86,"column":42},"end":{"line":86,"column":null}}],"line":86},"8":{"loc":{"start":{"line":89,"column":8},"end":{"line":95,"column":null}},"type":"if","locations":[{"start":{"line":89,"column":8},"end":{"line":95,"column":null}},{"start":{},"end":{}}],"line":89},"9":{"loc":{"start":{"line":98,"column":8},"end":{"line":116,"column":null}},"type":"if","locations":[{"start":{"line":98,"column":8},"end":{"line":116,"column":null}},{"start":{"line":104,"column":8},"end":{"line":116,"column":null}}],"line":98},"10":{"loc":{"start":{"line":104,"column":8},"end":{"line":116,"column":null}},"type":"if","locations":[{"start":{"line":104,"column":8},"end":{"line":116,"column":null}},{"start":{"line":110,"column":15},"end":{"line":116,"column":null}}],"line":104},"11":{"loc":{"start":{"line":129,"column":23},"end":{"line":129,"column":null}},"type":"binary-expr","locations":[{"start":{"line":129,"column":23},"end":{"line":129,"column":80}},{"start":{"line":129,"column":80},"end":{"line":129,"column":null}}],"line":129}},"s":{"0":5,"1":5,"2":1,"3":4,"4":4,"5":4,"6":1,"7":3,"8":1,"9":2,"10":2,"11":2,"12":1,"13":1,"14":1,"15":0,"16":0,"17":0,"18":0,"19":0,"20":0,"21":0,"22":0,"23":0,"24":0,"25":0,"26":0,"27":0,"28":0,"29":0,"30":0,"31":0,"32":0},"f":{"0":5,"1":0,"2":0,"3":0},"b":{"0":[1,4],"1":[1,3],"2":[1,2],"3":[1,1],"4":[0,0],"5":[0,0],"6":[0,0],"7":[0,0],"8":[0,0],"9":[0,0],"10":[0,0],"11":[0,0]},"meta":{"lastBranch":12,"lastFunction":4,"lastStatement":33,"seen":{"f:14:22:14:29":0,"s:16:17:16:Infinity":0,"b:18:4:20:Infinity:undefined:undefined:undefined:undefined":0,"s:18:4:20:Infinity":1,"s:19:8:19:Infinity":2,"s:22:20:22:Infinity":3,"s:23:19:23:Infinity":4,"b:25:4:27:Infinity:undefined:undefined:undefined:undefined":1,"s:25:4:27:Infinity":5,"s:26:8:26:Infinity":6,"b:30:4:32:Infinity:undefined:undefined:undefined:undefined":2,"s:30:4:32:Infinity":7,"s:31:8:31:Infinity":8,"s:35:20:35:Infinity":9,"s:36:17:36:Infinity":10,"b:38:4:40:Infinity:undefined:undefined:undefined:undefined":3,"s:38:4:40:Infinity":11,"s:39:8:39:Infinity":12,"s:43:51:51:Infinity":13,"s:53:4:56:Infinity":14,"f:59:16:59:21":1,"s:60:4:62:Infinity":15,"b:61:30:61:50:61:50:61:56":4,"f:65:24:65:32":2,"s:66:29:66:Infinity":16,"s:69:21:69:Infinity":17,"s:70:23:70:Infinity":18,"s:77:8:81:Infinity":19,"b:83:4:117:Infinity:96:11:117:Infinity":5,"s:83:4:117:Infinity":20,"b:83:8:83:28:83:28:83:57":6,"s:85:29:87:Infinity":21,"f:86:12:86:17":3,"s:86:17:86:Infinity":22,"b:86:17:86:42:86:42:86:Infinity":7,"b:89:8:95:Infinity:undefined:undefined:undefined:undefined":8,"s:89:8:95:Infinity":23,"s:90:12:94:Infinity":24,"b:98:8:116:Infinity:104:8:116:Infinity":9,"s:98:8:116:Infinity":25,"s:99:12:103:Infinity":26,"b:104:8:116:Infinity:110:15:116:Infinity":10,"s:104:8:116:Infinity":27,"s:105:12:109:Infinity":28,"s:111:12:115:Infinity":29,"s:120:24:126:Infinity":30,"s:129:23:129:Infinity":31,"b:129:23:129:80:129:80:129:Infinity":11,"s:131:4:199:Infinity":32}}}
,"/Users/meowiu/wellness-tracker/app/types/quiz.ts": {"path":"/Users/meowiu/wellness-tracker/app/types/quiz.ts","statementMap":{"0":{"start":{"line":69,"column":4},"end":{"line":77,"column":null}}},"fnMap":{"0":{"name":"serializeQuiz","decl":{"start":{"line":68,"column":16},"end":{"line":68,"column":30}},"loc":{"start":{"line":68,"column":58},"end":{"line":78,"column":null}},"line":68}},"branchMap":{"0":{"loc":{"start":{"line":71,"column":13},"end":{"line":71,"column":null}},"type":"binary-expr","locations":[{"start":{"line":71,"column":13},"end":{"line":71,"column":37}},{"start":{"line":71,"column":37},"end":{"line":71,"column":null}}],"line":71},"1":{"loc":{"start":{"line":74,"column":21},"end":{"line":74,"column":null}},"type":"binary-expr","locations":[{"start":{"line":74,"column":21},"end":{"line":74,"column":41}},{"start":{"line":74,"column":41},"end":{"line":74,"column":null}}],"line":74}},"s":{"0":3},"f":{"0":3},"b":{"0":[3,1],"1":[3,2]},"meta":{"lastBranch":2,"lastFunction":1,"lastStatement":1,"seen":{"f:68:16:68:30":0,"s:69:4:77:Infinity":0,"b:71:13:71:37:71:37:71:Infinity":0,"b:74:21:74:41:74:41:74:Infinity":1}}}
,"/Users/meowiu/wellness-tracker/app/types/result.ts": {"path":"/Users/meowiu/wellness-tracker/app/types/result.ts","statementMap":{"0":{"start":{"line":41,"column":4},"end":{"line":49,"column":null}}},"fnMap":{"0":{"name":"serializeQuizResult","decl":{"start":{"line":40,"column":16},"end":{"line":40,"column":36}},"loc":{"start":{"line":40,"column":78},"end":{"line":50,"column":null}},"line":40}},"branchMap":{"0":{"loc":{"start":{"line":42,"column":13},"end":{"line":42,"column":null}},"type":"binary-expr","locations":[{"start":{"line":42,"column":13},"end":{"line":42,"column":39}},{"start":{"line":42,"column":39},"end":{"line":42,"column":null}}],"line":42}},"s":{"0":2},"f":{"0":2},"b":{"0":[2,1]},"meta":{"lastBranch":1,"lastFunction":1,"lastStatement":1,"seen":{"f:40:16:40:36":0,"s:41:4:49:Infinity":0,"b:42:13:42:39:42:39:42:Infinity":0}}}
,"/Users/meowiu/wellness-tracker/app/types/user.ts": {"path":"/Users/meowiu/wellness-tracker/app/types/user.ts","statementMap":{"0":{"start":{"line":40,"column":4},"end":{"line":46,"column":null}}},"fnMap":{"0":{"name":"serializeUser","decl":{"start":{"line":39,"column":16},"end":{"line":39,"column":30}},"loc":{"start":{"line":39,"column":58},"end":{"line":47,"column":null}},"line":39}},"branchMap":{"0":{"loc":{"start":{"line":41,"column":13},"end":{"line":41,"column":null}},"type":"binary-expr","locations":[{"start":{"line":41,"column":13},"end":{"line":41,"column":37}},{"start":{"line":41,"column":37},"end":{"line":41,"column":null}}],"line":41}},"s":{"0":2},"f":{"0":2},"b":{"0":[2,0]},"meta":{"lastBranch":1,"lastFunction":1,"lastStatement":1,"seen":{"f:39:16:39:30":0,"s:40:4:46:Infinity":0,"b:41:13:41:37:41:37:41:Infinity":0}}}
,"/Users/meowiu/wellness-tracker/app/utils/quiz-validation.ts": {"path":"/Users/meowiu/wellness-tracker/app/utils/quiz-validation.ts","statementMap":{"0":{"start":{"line":12,"column":41},"end":{"line":12,"column":null}},"1":{"start":{"line":14,"column":4},"end":{"line":16,"column":null}},"2":{"start":{"line":15,"column":8},"end":{"line":15,"column":null}},"3":{"start":{"line":18,"column":4},"end":{"line":20,"column":null}},"4":{"start":{"line":19,"column":8},"end":{"line":19,"column":null}},"5":{"start":{"line":22,"column":4},"end":{"line":46,"column":null}},"6":{"start":{"line":23,"column":8},"end":{"line":23,"column":null}},"7":{"start":{"line":26,"column":8},"end":{"line":45,"column":null}},"8":{"start":{"line":27,"column":12},"end":{"line":29,"column":null}},"9":{"start":{"line":28,"column":16},"end":{"line":28,"column":null}},"10":{"start":{"line":31,"column":12},"end":{"line":38,"column":null}},"11":{"start":{"line":32,"column":16},"end":{"line":34,"column":null}},"12":{"start":{"line":33,"column":20},"end":{"line":33,"column":null}},"13":{"start":{"line":35,"column":16},"end":{"line":37,"column":null}},"14":{"start":{"line":35,"column":43},"end":{"line":35,"column":74}},"15":{"start":{"line":36,"column":20},"end":{"line":36,"column":null}},"16":{"start":{"line":40,"column":12},"end":{"line":44,"column":null}},"17":{"start":{"line":41,"column":16},"end":{"line":43,"column":null}},"18":{"start":{"line":42,"column":20},"end":{"line":42,"column":null}},"19":{"start":{"line":48,"column":4},"end":{"line":48,"column":null}}},"fnMap":{"0":{"name":"validateQuiz","decl":{"start":{"line":6,"column":16},"end":{"line":6,"column":null}},"loc":{"start":{"line":11,"column":54},"end":{"line":49,"column":null}},"line":11},"1":{"name":"(anonymous_1)","decl":{"start":{"line":26,"column":26},"end":{"line":26,"column":27}},"loc":{"start":{"line":26,"column":40},"end":{"line":45,"column":9}},"line":26},"2":{"name":"(anonymous_2)","decl":{"start":{"line":35,"column":36},"end":{"line":35,"column":43}},"loc":{"start":{"line":35,"column":43},"end":{"line":35,"column":74}},"line":35}},"branchMap":{"0":{"loc":{"start":{"line":14,"column":4},"end":{"line":16,"column":null}},"type":"if","locations":[{"start":{"line":14,"column":4},"end":{"line":16,"column":null}},{"start":{},"end":{}}],"line":14},"1":{"loc":{"start":{"line":14,"column":8},"end":{"line":14,"column":53}},"type":"binary-expr","locations":[{"start":{"line":14,"column":8},"end":{"line":14,"column":18}},{"start":{"line":14,"column":18},"end":{"line":14,"column":53}}],"line":14},"2":{"loc":{"start":{"line":18,"column":4},"end":{"line":20,"column":null}},"type":"if","locations":[{"start":{"line":18,"column":4},"end":{"line":20,"column":null}},{"start":{},"end":{}}],"line":18},"3":{"loc":{"start":{"line":18,"column":8},"end":{"line":18,"column":65}},"type":"binary-expr","locations":[{"start":{"line":18,"column":8},"end":{"line":18,"column":24}},{"start":{"line":18,"column":24},"end":{"line":18,"column":65}}],"line":18},"4":{"loc":{"start":{"line":22,"column":4},"end":{"line":46,"column":null}},"type":"if","locations":[{"start":{"line":22,"column":4},"end":{"line":46,"column":null}},{"start":{"line":24,"column":11},"end":{"line":46,"column":null}}],"line":22},"5":{"loc":{"start":{"line":22,"column":8},"end":{"line":22,"column":46}},"type":"binary-expr","locations":[{"start":{"line":22,"column":8},"end":{"line":22,"column":22}},{"start":{"line":22,"column":22},"end":{"line":22,"column":46}}],"line":22},"6":{"loc":{"start":{"line":27,"column":12},"end":{"line":29,"column":null}},"type":"if","locations":[{"start":{"line":27,"column":12},"end":{"line":29,"column":null}},{"start":{},"end":{}}],"line":27},"7":{"loc":{"start":{"line":27,"column":16},"end":{"line":27,"column":55}},"type":"binary-expr","locations":[{"start":{"line":27,"column":16},"end":{"line":27,"column":27}},{"start":{"line":27,"column":27},"end":{"line":27,"column":55}}],"line":27},"8":{"loc":{"start":{"line":31,"column":12},"end":{"line":38,"column":null}},"type":"if","locations":[{"start":{"line":31,"column":12},"end":{"line":38,"column":null}},{"start":{},"end":{}}],"line":31},"9":{"loc":{"start":{"line":32,"column":16},"end":{"line":34,"column":null}},"type":"if","locations":[{"start":{"line":32,"column":16},"end":{"line":34,"column":null}},{"start":{},"end":{}}],"line":32},"10":{"loc":{"start":{"line":32,"column":20},"end":{"line":32,"column":56}},"type":"binary-expr","locations":[{"start":{"line":32,"column":20},"end":{"line":32,"column":34}},{"start":{"line":32,"column":34},"end":{"line":32,"column":56}}],"line":32},"11":{"loc":{"start":{"line":35,"column":16},"end":{"line":37,"column":null}},"type":"if","locations":[{"start":{"line":35,"column":16},"end":{"line":37,"column":null}},{"start":{},"end":{}}],"line":35},"12":{"loc":{"start":{"line":35,"column":43},"end":{"line":35,"column":74}},"type":"binary-expr","locations":[{"start":{"line":35,"column":43},"end":{"line":35,"column":51}},{"start":{"line":35,"column":51},"end":{"line":35,"column":74}}],"line":35},"13":{"loc":{"start":{"line":40,"column":12},"end":{"line":44,"column":null}},"type":"if","locations":[{"start":{"line":40,"column":12},"end":{"line":44,"column":null}},{"start":{},"end":{}}],"line":40},"14":{"loc":{"start":{"line":41,"column":16},"end":{"line":43,"column":null}},"type":"if","locations":[{"start":{"line":41,"column":16},"end":{"line":43,"column":null}},{"start":{},"end":{}}],"line":41},"15":{"loc":{"start":{"line":41,"column":21},"end":{"line":41,"column":42}},"type":"binary-expr","locations":[{"start":{"line":41,"column":21},"end":{"line":41,"column":35}},{"start":{"line":41,"column":35},"end":{"line":41,"column":42}}],"line":41},"16":{"loc":{"start":{"line":41,"column":42},"end":{"line":41,"column":60}},"type":"binary-expr","locations":[{"start":{"line":41,"column":42},"end":{"line":41,"column":56}},{"start":{"line":41,"column":56},"end":{"line":41,"column":60}}],"line":41}},"s":{"0":8,"1":8,"2":1,"3":8,"4":1,"5":8,"6":1,"7":7,"8":7,"9":1,"10":7,"11":6,"12":1,"13":6,"14":11,"15":1,"16":7,"17":1,"18":1,"19":8},"f":{"0":8,"1":7,"2":11},"b":{"0":[1,7],"1":[8,7],"2":[1,7],"3":[8,7],"4":[1,7],"5":[8,8],"6":[1,6],"7":[7,6],"8":[6,1],"9":[1,5],"10":[6,6],"11":[1,5],"12":[11,10],"13":[1,6],"14":[1,0],"15":[1,0],"16":[1,0]},"meta":{"lastBranch":17,"lastFunction":3,"lastStatement":20,"seen":{"f:6:16:6:Infinity":0,"s:12:41:12:Infinity":0,"b:14:4:16:Infinity:undefined:undefined:undefined:undefined":0,"s:14:4:16:Infinity":1,"b:14:8:14:18:14:18:14:53":1,"s:15:8:15:Infinity":2,"b:18:4:20:Infinity:undefined:undefined:undefined:undefined":2,"s:18:4:20:Infinity":3,"b:18:8:18:24:18:24:18:65":3,"s:19:8:19:Infinity":4,"b:22:4:46:Infinity:24:11:46:Infinity":4,"s:22:4:46:Infinity":5,"b:22:8:22:22:22:22:22:46":5,"s:23:8:23:Infinity":6,"s:26:8:45:Infinity":7,"f:26:26:26:27":1,"b:27:12:29:Infinity:undefined:undefined:undefined:undefined":6,"s:27:12:29:Infinity":8,"b:27:16:27:27:27:27:27:55":7,"s:28:16:28:Infinity":9,"b:31:12:38:Infinity:undefined:undefined:undefined:undefined":8,"s:31:12:38:Infinity":10,"b:32:16:34:Infinity:undefined:undefined:undefined:undefined":9,"s:32:16:34:Infinity":11,"b:32:20:32:34:32:34:32:56":10,"s:33:20:33:Infinity":12,"b:35:16:37:Infinity:undefined:undefined:undefined:undefined":11,"s:35:16:37:Infinity":13,"f:35:36:35:43":2,"s:35:43:35:74":14,"b:35:43:35:51:35:51:35:74":12,"s:36:20:36:Infinity":15,"b:40:12:44:Infinity:undefined:undefined:undefined:undefined":13,"s:40:12:44:Infinity":16,"b:41:16:43:Infinity:undefined:undefined:undefined:undefined":14,"s:41:16:43:Infinity":17,"b:41:21:41:35:41:35:41:42":15,"b:41:42:41:56:41:56:41:60":16,"s:42:20:42:Infinity":18,"s:48:4:48:Infinity":19}}}
,"/Users/meowiu/wellness-tracker/app/utils/scoring.ts": {"path":"/Users/meowiu/wellness-tracker/app/utils/scoring.ts","statementMap":{"0":{"start":{"line":16,"column":21},"end":{"line":16,"column":null}},"1":{"start":{"line":17,"column":71},"end":{"line":17,"column":null}},"2":{"start":{"line":19,"column":4},"end":{"line":39,"column":null}},"3":{"start":{"line":20,"column":23},"end":{"line":20,"column":null}},"4":{"start":{"line":22,"column":8},"end":{"line":38,"column":null}},"5":{"start":{"line":23,"column":32},"end":{"line":25,"column":null}},"6":{"start":{"line":27,"column":12},"end":{"line":30,"column":null}},"7":{"start":{"line":33,"column":12},"end":{"line":37,"column":null}},"8":{"start":{"line":34,"column":16},"end":{"line":34,"column":null}},"9":{"start":{"line":35,"column":12},"end":{"line":37,"column":null}},"10":{"start":{"line":36,"column":16},"end":{"line":36,"column":null}},"11":{"start":{"line":42,"column":24},"end":{"line":42,"column":null}},"12":{"start":{"line":43,"column":28},"end":{"line":43,"column":null}},"13":{"start":{"line":45,"column":4},"end":{"line":54,"column":null}},"14":{"start":{"line":46,"column":29},"end":{"line":48,"column":null}},"15":{"start":{"line":47,"column":21},"end":{"line":47,"column":null}},"16":{"start":{"line":50,"column":8},"end":{"line":53,"column":null}},"17":{"start":{"line":51,"column":12},"end":{"line":51,"column":null}},"18":{"start":{"line":52,"column":12},"end":{"line":52,"column":null}},"19":{"start":{"line":56,"column":4},"end":{"line":61,"column":null}}},"fnMap":{"0":{"name":"calculateScore","decl":{"start":{"line":11,"column":16},"end":{"line":11,"column":null}},"loc":{"start":{"line":15,"column":24},"end":{"line":62,"column":null}},"line":15},"1":{"name":"(anonymous_1)","decl":{"start":{"line":19,"column":22},"end":{"line":19,"column":23}},"loc":{"start":{"line":19,"column":36},"end":{"line":39,"column":5}},"line":19},"2":{"name":"(anonymous_2)","decl":{"start":{"line":47,"column":12},"end":{"line":47,"column":21}},"loc":{"start":{"line":47,"column":21},"end":{"line":47,"column":null}},"line":47}},"branchMap":{"0":{"loc":{"start":{"line":22,"column":8},"end":{"line":38,"column":null}},"type":"if","locations":[{"start":{"line":22,"column":8},"end":{"line":38,"column":null}},{"start":{},"end":{}}],"line":22},"1":{"loc":{"start":{"line":23,"column":32},"end":{"line":25,"column":null}},"type":"cond-expr","locations":[{"start":{"line":24,"column":18},"end":{"line":24,"column":null}},{"start":{"line":25,"column":18},"end":{"line":25,"column":null}}],"line":23},"2":{"loc":{"start":{"line":33,"column":12},"end":{"line":37,"column":null}},"type":"if","locations":[{"start":{"line":33,"column":12},"end":{"line":37,"column":null}},{"start":{"line":35,"column":12},"end":{"line":37,"column":null}}],"line":33},"3":{"loc":{"start":{"line":33,"column":16},"end":{"line":33,"column":74}},"type":"binary-expr","locations":[{"start":{"line":33,"column":16},"end":{"line":33,"column":41}},{"start":{"line":33,"column":41},"end":{"line":33,"column":74}}],"line":33},"4":{"loc":{"start":{"line":34,"column":30},"end":{"line":34,"column":null}},"type":"binary-expr","locations":[{"start":{"line":34,"column":30},"end":{"line":34,"column":68}},{"start":{"line":34,"column":68},"end":{"line":34,"column":null}}],"line":34},"5":{"loc":{"start":{"line":35,"column":12},"end":{"line":37,"column":null}},"type":"if","locations":[{"start":{"line":35,"column":12},"end":{"line":37,"column":null}},{"start":{},"end":{}}],"line":35},"6":{"loc":{"start":{"line":35,"column":23},"end":{"line":35,"column":85}},"type":"binary-expr","locations":[{"start":{"line":35,"column":23},"end":{"line":35,"column":52}},{"start":{"line":35,"column":52},"end":{"line":35,"column":85}}],"line":35},"7":{"loc":{"start":{"line":45,"column":4},"end":{"line":54,"column":null}},"type":"if","locations":[{"start":{"line":45,"column":4},"end":{"line":54,"column":null}},{"start":{},"end":{}}],"line":45},"8":{"loc":{"start":{"line":45,"column":8},"end":{"line":45,"column":47}},"type":"binary-expr","locations":[{"start":{"line":45,"column":8},"end":{"line":45,"column":23}},{"start":{"line":45,"column":23},"end":{"line":45,"column":47}}],"line":45},"9":{"loc":{"start":{"line":47,"column":21},"end":{"line":47,"column":null}},"type":"binary-expr","locations":[{"start":{"line":47,"column":21},"end":{"line":47,"column":48}},{"start":{"line":47,"column":48},"end":{"line":47,"column":null}}],"line":47},"10":{"loc":{"start":{"line":50,"column":8},"end":{"line":53,"column":null}},"type":"if","locations":[{"start":{"line":50,"column":8},"end":{"line":53,"column":null}},{"start":{},"end":{}}],"line":50}},"s":{"0":7,"1":7,"2":7,"3":8,"4":8,"5":8,"6":8,"7":8,"8":2,"9":6,"10":5,"11":7,"12":7,"13":7,"14":1,"15":1,"16":1,"17":1,"18":1,"19":7},"f":{"0":7,"1":8,"2":1},"b":{"0":[8,0],"1":[5,3],"2":[2,6],"3":[8,3],"4":[2,0],"5":[5,1],"6":[6,5],"7":[1,6],"8":[7,7],"9":[1,1],"10":[1,0]},"meta":{"lastBranch":11,"lastFunction":3,"lastStatement":20,"seen":{"f:11:16:11:Infinity":0,"s:16:21:16:Infinity":0,"s:17:71:17:Infinity":1,"s:19:4:39:Infinity":2,"f:19:22:19:23":1,"s:20:23:20:Infinity":3,"b:22:8:38:Infinity:undefined:undefined:undefined:undefined":0,"s:22:8:38:Infinity":4,"s:23:32:25:Infinity":5,"b:24:18:24:Infinity:25:18:25:Infinity":1,"s:27:12:30:Infinity":6,"b:33:12:37:Infinity:35:12:37:Infinity":2,"s:33:12:37:Infinity":7,"b:33:16:33:41:33:41:33:74":3,"s:34:16:34:Infinity":8,"b:34:30:34:68:34:68:34:Infinity":4,"b:35:12:37:Infinity:undefined:undefined:undefined:undefined":5,"s:35:12:37:Infinity":9,"b:35:23:35:52:35:52:35:85":6,"s:36:16:36:Infinity":10,"s:42:24:42:Infinity":11,"s:43:28:43:Infinity":12,"b:45:4:54:Infinity:undefined:undefined:undefined:undefined":7,"s:45:4:54:Infinity":13,"b:45:8:45:23:45:23:45:47":8,"s:46:29:48:Infinity":14,"f:47:12:47:21":2,"s:47:21:47:Infinity":15,"b:47:21:47:48:47:48:47:Infinity":9,"b:50:8:53:Infinity:undefined:undefined:undefined:undefined":10,"s:50:8:53:Infinity":16,"s:51:12:51:Infinity":17,"s:52:12:52:Infinity":18,"s:56:4:61:Infinity":19}}}
}
